Log file open, 10/10/23 14:14:13
LogWindows: Failed to load 'aqProf.dll' (GetLastError=126)
LogWindows: File 'aqProf.dll' does not exist
LogWindows: Failed to load 'VtuneApi.dll' (GetLastError=126)
LogWindows: File 'VtuneApi.dll' does not exist
LogWindows: Failed to load 'VtuneApi32e.dll' (GetLastError=126)
LogWindows: File 'VtuneApi32e.dll' does not exist
LogConsoleResponse: Display: Failed to find resolution value strings in scalability ini. Falling back to default.
LogConsoleResponse: Display: Failed to find resolution value strings in scalability ini. Falling back to default.
LogInit: Display: Running engine for game: DragonDefender_V1
LogPlatformFile: Not using cached read wrapper
LogTaskGraph: Started task graph with 5 named threads and 47 total threads with 3 sets of task threads.
LogStats: Stats thread started at 0.171195
LogICUInternationalization: ICU TimeZone Detection - Raw Offset: +7:00, Platform Override: ''
LogInit: Display: Loading text-based GConfig....
LogPluginManager: Mounting plugin MeshPainting
LogPluginManager: Mounting plugin XGEController
LogPluginManager: Mounting plugin Paper2D
LogPluginManager: Mounting plugin AISupport
LogPluginManager: Mounting plugin EnvironmentQueryEditor
LogPluginManager: Mounting plugin LightPropagationVolume
LogPluginManager: Mounting plugin LiveLink
LogPluginManager: Mounting plugin GameplayCameras
LogPluginManager: Mounting plugin CameraShakePreviewer
LogPluginManager: Mounting plugin AnimationSharing
LogPluginManager: Mounting plugin CodeLiteSourceCodeAccess
LogPluginManager: Mounting plugin CLionSourceCodeAccess
LogPluginManager: Mounting plugin GitSourceControl
LogPluginManager: Mounting plugin KDevelopSourceCodeAccess
LogPluginManager: Mounting plugin PluginUtils
LogPluginManager: Mounting plugin NullSourceCodeAccess
LogPluginManager: Mounting plugin PerforceSourceControl
LogPluginManager: Mounting plugin AssetManagerEditor
LogPluginManager: Mounting plugin PixWinPlugin
LogPluginManager: Mounting plugin PlasticSourceControl
LogPluginManager: Mounting plugin PropertyAccessNode
LogPluginManager: Mounting plugin RiderSourceCodeAccess
LogPluginManager: Mounting plugin CurveEditorTools
LogPluginManager: Mounting plugin SubversionSourceControl
LogPluginManager: Mounting plugin VisualStudioCodeSourceCodeAccess
LogPluginManager: Mounting plugin UObjectPlugin
LogPluginManager: Mounting plugin VisualStudioSourceCodeAccess
LogPluginManager: Mounting plugin CryptoKeys
LogPluginManager: Mounting plugin MacGraphicsSwitching
LogPluginManager: Mounting plugin OodleData
LogPluginManager: Mounting plugin GeometryMode
LogPluginManager: Mounting plugin MaterialAnalyzer
LogPluginManager: Mounting plugin DataValidation
LogPluginManager: Mounting plugin FacialAnimation
LogPluginManager: Mounting plugin XCodeSourceCodeAccess
LogPluginManager: Mounting plugin GameplayTagsEditor
LogPluginManager: Mounting plugin TextureFormatOodle
LogPluginManager: Mounting plugin MobileLauncherProfileWizard
LogPluginManager: Mounting plugin PluginBrowser
LogPluginManager: Mounting plugin SpeedTreeImporter
LogPluginManager: Mounting plugin OodleNetwork
LogPluginManager: Mounting plugin DatasmithContent
LogPluginManager: Mounting plugin VariantManagerContent
LogPluginManager: Mounting plugin Niagara
LogPluginManager: Mounting plugin LuminPlatformFeatures
LogPluginManager: Mounting plugin MagicLeap
LogPluginManager: Mounting plugin MagicLeapLightEstimation
LogPluginManager: Mounting plugin MagicLeapMedia
LogPluginManager: Mounting plugin AlembicImporter
LogPluginManager: Mounting plugin LauncherChunkInstaller
LogPluginManager: Mounting plugin MagicLeapPassableWorld
LogPluginManager: Mounting plugin ActorLayerUtilities
LogPluginManager: Mounting plugin AndroidMedia
LogPluginManager: Mounting plugin MLSDK
LogPluginManager: Mounting plugin AvfMedia
LogPluginManager: Mounting plugin AutomationUtils
LogPluginManager: Mounting plugin BackChannel
LogPluginManager: Mounting plugin ChaosCloth
LogPluginManager: Mounting plugin ImgMedia
LogPluginManager: Mounting plugin MediaCompositing
LogPluginManager: Mounting plugin ChaosEditor
LogPluginManager: Mounting plugin MediaPlayerEditor
LogPluginManager: Mounting plugin ChaosClothEditor
LogPluginManager: Mounting plugin WebMMedia
LogPluginManager: Mounting plugin AndroidDeviceProfileSelector
LogPluginManager: Mounting plugin AndroidMoviePlayer
LogPluginManager: Mounting plugin WmfMedia
LogPluginManager: Mounting plugin TcpMessaging
LogPluginManager: Mounting plugin AndroidPermission
LogPluginManager: Mounting plugin UdpMessaging
LogPluginManager: Mounting plugin AppleImageUtils
LogPluginManager: Mounting plugin ChaosSolverPlugin
LogPluginManager: Mounting plugin AppleMoviePlayer
LogPluginManager: Mounting plugin ChaosNiagara
LogPluginManager: Mounting plugin CharacterAI
LogPluginManager: Mounting plugin ArchVisCharacter
LogPluginManager: Mounting plugin AssetTags
LogPluginManager: Mounting plugin AudioCapture
LogPluginManager: Mounting plugin AudioSynesthesia
LogPluginManager: Mounting plugin CableComponent
LogPluginManager: Mounting plugin ChunkDownloader
LogPluginManager: Mounting plugin CustomMeshComponent
LogPluginManager: Mounting plugin ExampleDeviceProfileSelector
LogPluginManager: Mounting plugin EditableMesh
LogPluginManager: Mounting plugin GeometryCache
LogPluginManager: Mounting plugin GeometryCollectionPlugin
LogPluginManager: Mounting plugin GoogleCloudMessaging
LogPluginManager: Mounting plugin GooglePAD
LogPluginManager: Mounting plugin ActorSequence
LogPluginManager: Mounting plugin LevelSequenceEditor
LogPluginManager: Mounting plugin MatineeToLevelSequence
LogPluginManager: Mounting plugin OnlineSubsystem
LogPluginManager: Mounting plugin TemplateSequence
LogPluginManager: Mounting plugin OnlineSubsystemNull
LogPluginManager: Mounting plugin OnlineSubsystemUtils
LogPluginManager: Mounting plugin GeometryProcessing
LogPluginManager: Mounting plugin OpenImageDenoise
LogPluginManager: Mounting plugin MotoSynth
LogPluginManager: Mounting plugin PlanarCut
LogPluginManager: Mounting plugin PlatformCrypto
LogPluginManager: Mounting plugin ProxyLODPlugin
LogPluginManager: Mounting plugin PythonScriptPlugin
LogPluginManager: Mounting plugin SkeletalReduction
LogPluginManager: Mounting plugin LinuxDeviceProfileSelector
LogPluginManager: Mounting plugin IOSDeviceProfileSelector
LogPluginManager: Mounting plugin LocationServicesBPLibrary
LogPluginManager: Mounting plugin MobilePatchingUtils
LogPluginManager: Mounting plugin OpenXR
LogPluginManager: Mounting plugin OpenXREyeTracker
LogPluginManager: Mounting plugin OpenXRHandTracking
LogPluginManager: Mounting plugin PhysXVehicles
LogPluginManager: Mounting plugin Takes
LogPluginManager: Mounting plugin PostSplashScreen
LogPluginManager: Mounting plugin PropertyAccessEditor
LogPluginManager: Mounting plugin ProceduralMeshComponent
LogPluginManager: Mounting plugin RuntimePhysXCooking
LogPluginManager: Mounting plugin SignificanceManager
LogPluginManager: Mounting plugin SoundFields
LogPluginManager: Mounting plugin Synthesis
LogPluginManager: Mounting plugin WebMMoviePlayer
LogPluginManager: Mounting plugin WindowsMoviePlayer
LogPluginManager: Mounting plugin ScreenshotTools
LogPluginManager: Mounting plugin ContentBrowserAssetDataSource
LogPluginManager: Mounting plugin ContentBrowserFileDataSource
LogPluginManager: Mounting plugin ContentBrowserClassDataSource
LogPluginManager: Mounting plugin OnlineSubsystemGooglePlay
LogPluginManager: Mounting plugin OnlineSubsystemIOS
LogPluginManager: Mounting plugin OculusVR
LogPluginManager: Mounting plugin SteamVR
PixWinPlugin: PIX capture plugin failed to initialize! Check that the process is launched from PIX.
LogInit: Using libcurl 7.55.1-DEV
LogInit:  - built for x86_64-pc-win32
LogInit:  - supports SSL with OpenSSL/1.1.1
LogInit:  - supports HTTP deflate (compression) using libz 1.2.8
LogInit:  - other features:
LogInit:      CURL_VERSION_SSL
LogInit:      CURL_VERSION_LIBZ
LogInit:      CURL_VERSION_IPV6
LogInit:      CURL_VERSION_ASYNCHDNS
LogInit:      CURL_VERSION_LARGEFILE
LogInit:      CURL_VERSION_IDN
LogInit:  CurlRequestOptions (configurable via config and command line):
LogInit:  - bVerifyPeer = true  - Libcurl will verify peer certificate
LogInit:  - bUseHttpProxy = false  - Libcurl will NOT use HTTP proxy
LogInit:  - bDontReuseConnections = false  - Libcurl will reuse connections
LogInit:  - MaxHostConnections = 16  - Libcurl will limit the number of connections to a host
LogInit:  - LocalHostAddr = Default
LogInit:  - BufferSize = 65536
LogOnline: OSS: Creating online subsystem instance for: NULL
LogInit: WinSock: version 1.1 (2.2), MaxSocks=32767, MaxUdp=65467
LogOnline: OSS: TryLoadSubsystemAndSetDefault: Loaded subsystem for module [NULL]
LogOculusPluginWrapper: OculusPlugin initialized successfully
LogHMD: Failed initializing OVRPlugin 1.59.0
LogInit: Build: ++UE4+Release-4.27-CL-18319896
LogInit: Engine Version: 4.27.2-18319896+++UE4+Release-4.27
LogInit: Compatible Engine Version: 4.27.0-17155196+++UE4+Release-4.27
LogInit: Net CL: 17155196
LogInit: OS: Windows 10 (Release 2009) (), CPU: Intel(R) Core(TM) i7-10700 CPU @ 2.90GHz, GPU: NVIDIA GeForce RTX 3060
LogInit: Compiled (64-bit): Nov 30 2021 07:12:08
LogInit: Compiled with Visual C++: 19.24.28315.00
LogInit: Build Configuration: Development
LogInit: Branch Name: ++UE4+Release-4.27
LogInit: Command Line: 
LogInit: Base Directory: C:/Program Files/Epic Games/UE_4.27/Engine/Binaries/Win64/
LogInit: Allocator: TBB
LogInit: Installed Engine Build: 1
LogDevObjectVersion: Number of dev versions registered: 29
LogDevObjectVersion:   Dev-Blueprints (B0D832E4-1F89-4F0D-ACCF-7EB736FD4AA2): 10
LogDevObjectVersion:   Dev-Build (E1C64328-A22C-4D53-A36C-8E866417BD8C): 0
LogDevObjectVersion:   Dev-Core (375EC13C-06E4-48FB-B500-84F0262A717E): 4
LogDevObjectVersion:   Dev-Editor (E4B068ED-F494-42E9-A231-DA0B2E46BB41): 40
LogDevObjectVersion:   Dev-Framework (CFFC743F-43B0-4480-9391-14DF171D2073): 37
LogDevObjectVersion:   Dev-Mobile (B02B49B5-BB20-44E9-A304-32B752E40360): 3
LogDevObjectVersion:   Dev-Networking (A4E4105C-59A1-49B5-A7C5-40C4547EDFEE): 0
LogDevObjectVersion:   Dev-Online (39C831C9-5AE6-47DC-9A44-9C173E1C8E7C): 0
LogDevObjectVersion:   Dev-Physics (78F01B33-EBEA-4F98-B9B4-84EACCB95AA2): 14
LogDevObjectVersion:   Dev-Platform (6631380F-2D4D-43E0-8009-CF276956A95A): 0
LogDevObjectVersion:   Dev-Rendering (12F88B9F-8875-4AFC-A67C-D90C383ABD29): 45
LogDevObjectVersion:   Dev-Sequencer (7B5AE74C-D270-4C10-A958-57980B212A5A): 13
LogDevObjectVersion:   Dev-VR (D7296918-1DD6-4BDD-9DE2-64A83CC13884): 3
LogDevObjectVersion:   Dev-LoadTimes (C2A15278-BFE7-4AFE-6C17-90FF531DF755): 1
LogDevObjectVersion:   Private-Geometry (6EACA3D4-40EC-4CC1-B786-8BED09428FC5): 3
LogDevObjectVersion:   Dev-AnimPhys (29E575DD-E0A3-4627-9D10-D276232CDCEA): 17
LogDevObjectVersion:   Dev-Anim (AF43A65D-7FD3-4947-9873-3E8ED9C1BB05): 15
LogDevObjectVersion:   Dev-ReflectionCapture (6B266CEC-1EC7-4B8F-A30B-E4D90942FC07): 1
LogDevObjectVersion:   Dev-Automation (0DF73D61-A23F-47EA-B727-89E90C41499A): 1
LogDevObjectVersion:   FortniteMain (601D1886-AC64-4F84-AA16-D3DE0DEAC7D6): 47
LogDevObjectVersion:   FortniteRelease (E7086368-6B23-4C58-8439-1B7016265E91): 1
LogDevObjectVersion:   Dev-Enterprise (9DFFBCD6-494F-0158-E221-12823C92A888): 10
LogDevObjectVersion:   Dev-Niagara (F2AED0AC-9AFE-416F-8664-AA7FFA26D6FC): 1
LogDevObjectVersion:   Dev-Destruction (174F1F0B-B4C6-45A5-B13F-2EE8D0FB917D): 10
LogDevObjectVersion:   Dev-Physics-Ext (35F94A83-E258-406C-A318-09F59610247C): 41
LogDevObjectVersion:   Dev-PhysicsMaterial-Chaos (B68FC16E-8B1B-42E2-B453-215C058844FE): 1
LogDevObjectVersion:   Dev-CineCamera (B2E18506-4273-CFC2-A54E-F4BB758BBA07): 1
LogDevObjectVersion:   Dev-VirtualProduction (64F58936-FD1B-42BA-BA96-7289D5D0FA4E): 1
LogDevObjectVersion:   Dev-MediaFramework (6F0ED827-A609-4895-9C91-998D90180EA4): 2
LogInit: Presizing for max 25165824 objects, including 0 objects not considered by GC, pre-allocating 0 bytes for permanent pool.
LogConfig: Applying CVar settings from Section [/Script/Engine.StreamingSettings] File [C:/Users/LAB308_17/Desktop/DragonDefender_V1/DragonDefender_V1/Saved/Config/Windows/Engine.ini]
LogConfig: Setting CVar [[s.MinBulkDataSizeForAsyncLoading:131072]]
LogConfig: Setting CVar [[s.AsyncLoadingThreadEnabled:0]]
LogConfig: Setting CVar [[s.EventDrivenLoaderEnabled:1]]
LogConfig: Setting CVar [[s.WarnIfTimeLimitExceeded:0]]
LogConfig: Setting CVar [[s.TimeLimitExceededMultiplier:1.5]]
LogConfig: Setting CVar [[s.TimeLimitExceededMinTime:0.005]]
LogConfig: Setting CVar [[s.UseBackgroundLevelStreaming:1]]
LogConfig: Setting CVar [[s.PriorityAsyncLoadingExtraTime:15.0]]
LogConfig: Setting CVar [[s.LevelStreamingActorsUpdateTimeLimit:5.0]]
LogConfig: Setting CVar [[s.PriorityLevelStreamingActorsUpdateExtraTime:5.0]]
LogConfig: Setting CVar [[s.LevelStreamingComponentsRegistrationGranularity:10]]
LogConfig: Setting CVar [[s.UnregisterComponentsTimeLimit:1.0]]
LogConfig: Setting CVar [[s.LevelStreamingComponentsUnregistrationGranularity:5]]
LogConfig: Setting CVar [[s.FlushStreamingOnExit:1]]
LogInit: Object subsystem initialized
LogConfig: Setting CVar [[con.DebugEarlyDefault:1]]
LogConfig: Setting CVar [[r.setres:1280x720]]
[2023.10.10-07.14.13:393][  0]LogConfig: Setting CVar [[r.VSync:0]]
[2023.10.10-07.14.13:393][  0]LogConfig: Setting CVar [[r.RHICmdBypass:0]]
[2023.10.10-07.14.13:393][  0]LogConfig: Applying CVar settings from Section [/Script/Engine.RendererSettings] File [C:/Users/LAB308_17/Desktop/DragonDefender_V1/DragonDefender_V1/Saved/Config/Windows/Engine.ini]
[2023.10.10-07.14.13:393][  0]LogConfig: Setting CVar [[r.GPUCrashDebugging:0]]
[2023.10.10-07.14.13:393][  0]LogConfig: Applying CVar settings from Section [/Script/Engine.RendererOverrideSettings] File [C:/Users/LAB308_17/Desktop/DragonDefender_V1/DragonDefender_V1/Saved/Config/Windows/Engine.ini]
[2023.10.10-07.14.13:393][  0]LogConfig: Applying CVar settings from Section [/Script/Engine.StreamingSettings] File [C:/Users/LAB308_17/Desktop/DragonDefender_V1/DragonDefender_V1/Saved/Config/Windows/Engine.ini]
[2023.10.10-07.14.13:393][  0]LogConfig: Setting CVar [[s.MinBulkDataSizeForAsyncLoading:131072]]
[2023.10.10-07.14.13:393][  0]LogConfig: Setting CVar [[s.AsyncLoadingThreadEnabled:0]]
[2023.10.10-07.14.13:393][  0]LogConfig: Setting CVar [[s.EventDrivenLoaderEnabled:1]]
[2023.10.10-07.14.13:393][  0]LogConfig: Setting CVar [[s.WarnIfTimeLimitExceeded:0]]
[2023.10.10-07.14.13:393][  0]LogConfig: Setting CVar [[s.TimeLimitExceededMultiplier:1.5]]
[2023.10.10-07.14.13:393][  0]LogConfig: Setting CVar [[s.TimeLimitExceededMinTime:0.005]]
[2023.10.10-07.14.13:393][  0]LogConfig: Setting CVar [[s.UseBackgroundLevelStreaming:1]]
[2023.10.10-07.14.13:393][  0]LogConfig: Setting CVar [[s.PriorityAsyncLoadingExtraTime:15.0]]
[2023.10.10-07.14.13:393][  0]LogConfig: Setting CVar [[s.LevelStreamingActorsUpdateTimeLimit:5.0]]
[2023.10.10-07.14.13:393][  0]LogConfig: Setting CVar [[s.PriorityLevelStreamingActorsUpdateExtraTime:5.0]]
[2023.10.10-07.14.13:393][  0]LogConfig: Setting CVar [[s.LevelStreamingComponentsRegistrationGranularity:10]]
[2023.10.10-07.14.13:393][  0]LogConfig: Setting CVar [[s.UnregisterComponentsTimeLimit:1.0]]
[2023.10.10-07.14.13:393][  0]LogConfig: Setting CVar [[s.LevelStreamingComponentsUnregistrationGranularity:5]]
[2023.10.10-07.14.13:393][  0]LogConfig: Setting CVar [[s.FlushStreamingOnExit:1]]
[2023.10.10-07.14.13:393][  0]LogConfig: Applying CVar settings from Section [/Script/Engine.GarbageCollectionSettings] File [C:/Users/LAB308_17/Desktop/DragonDefender_V1/DragonDefender_V1/Saved/Config/Windows/Engine.ini]
[2023.10.10-07.14.13:393][  0]LogConfig: Setting CVar [[gc.MaxObjectsNotConsideredByGC:1]]
[2023.10.10-07.14.13:393][  0]LogConfig: Setting CVar [[gc.SizeOfPermanentObjectPool:0]]
[2023.10.10-07.14.13:393][  0]LogConfig: Setting CVar [[gc.FlushStreamingOnGC:0]]
[2023.10.10-07.14.13:393][  0]LogConfig: Setting CVar [[gc.NumRetriesBeforeForcingGC:10]]
[2023.10.10-07.14.13:393][  0]LogConfig: Setting CVar [[gc.AllowParallelGC:1]]
[2023.10.10-07.14.13:393][  0]LogConfig: Setting CVar [[gc.TimeBetweenPurgingPendingKillObjects:61.1]]
[2023.10.10-07.14.13:393][  0]LogConfig: Setting CVar [[gc.MaxObjectsInEditor:25165824]]
[2023.10.10-07.14.13:393][  0]LogConfig: Setting CVar [[gc.IncrementalBeginDestroyEnabled:1]]
[2023.10.10-07.14.13:393][  0]LogConfig: Setting CVar [[gc.CreateGCClusters:1]]
[2023.10.10-07.14.13:393][  0]LogConfig: Setting CVar [[gc.MinGCClusterSize:5]]
[2023.10.10-07.14.13:393][  0]LogConfig: Setting CVar [[gc.ActorClusteringEnabled:0]]
[2023.10.10-07.14.13:393][  0]LogConfig: Setting CVar [[gc.BlueprintClusteringEnabled:0]]
[2023.10.10-07.14.13:393][  0]LogConfig: Setting CVar [[gc.UseDisregardForGCOnDedicatedServers:0]]
[2023.10.10-07.14.13:393][  0]LogConfig: Setting CVar [[gc.MultithreadedDestructionEnabled:1]]
[2023.10.10-07.14.13:393][  0]LogConfig: Applying CVar settings from Section [/Script/Engine.NetworkSettings] File [C:/Users/LAB308_17/Desktop/DragonDefender_V1/DragonDefender_V1/Saved/Config/Windows/Engine.ini]
[2023.10.10-07.14.13:393][  0]LogConfig: Applying CVar settings from Section [/Script/UnrealEd.CookerSettings] File [C:/Users/LAB308_17/Desktop/DragonDefender_V1/DragonDefender_V1/Saved/Config/Windows/Engine.ini]
[2023.10.10-07.14.13:396][  0]LogConfig: Applying CVar settings from Section [ViewDistanceQuality@3] File [C:/Users/LAB308_17/Desktop/DragonDefender_V1/DragonDefender_V1/Saved/Config/Windows/Scalability.ini]
[2023.10.10-07.14.13:396][  0]LogConfig: Setting CVar [[r.SkeletalMeshLODBias:0]]
[2023.10.10-07.14.13:396][  0]LogConfig: Setting CVar [[r.ViewDistanceScale:1.0]]
[2023.10.10-07.14.13:396][  0]LogConfig: Applying CVar settings from Section [AntiAliasingQuality@3] File [C:/Users/LAB308_17/Desktop/DragonDefender_V1/DragonDefender_V1/Saved/Config/Windows/Scalability.ini]
[2023.10.10-07.14.13:396][  0]LogConfig: Setting CVar [[r.PostProcessAAQuality:4]]
[2023.10.10-07.14.13:396][  0]LogConfig: Applying CVar settings from Section [ShadowQuality@3] File [C:/Users/LAB308_17/Desktop/DragonDefender_V1/DragonDefender_V1/Saved/Config/Windows/Scalability.ini]
[2023.10.10-07.14.13:396][  0]LogConfig: Setting CVar [[r.LightFunctionQuality:1]]
[2023.10.10-07.14.13:396][  0]LogConfig: Setting CVar [[r.ShadowQuality:5]]
[2023.10.10-07.14.13:396][  0]LogConfig: Setting CVar [[r.Shadow.CSM.MaxCascades:10]]
[2023.10.10-07.14.13:396][  0]LogConfig: Setting CVar [[r.Shadow.MaxResolution:2048]]
[2023.10.10-07.14.13:396][  0]LogConfig: Setting CVar [[r.Shadow.MaxCSMResolution:2048]]
[2023.10.10-07.14.13:396][  0]LogConfig: Setting CVar [[r.Shadow.RadiusThreshold:0.01]]
[2023.10.10-07.14.13:396][  0]LogConfig: Setting CVar [[r.Shadow.DistanceScale:1.0]]
[2023.10.10-07.14.13:396][  0]LogConfig: Setting CVar [[r.Shadow.CSM.TransitionScale:1.0]]
[2023.10.10-07.14.13:396][  0]LogConfig: Setting CVar [[r.Shadow.PreShadowResolutionFactor:1.0]]
[2023.10.10-07.14.13:396][  0]LogConfig: Setting CVar [[r.DistanceFieldShadowing:1]]
[2023.10.10-07.14.13:396][  0]LogConfig: Setting CVar [[r.DistanceFieldAO:1]]
[2023.10.10-07.14.13:396][  0]LogConfig: Setting CVar [[r.AOQuality:2]]
[2023.10.10-07.14.13:396][  0]LogConfig: Setting CVar [[r.VolumetricFog:1]]
[2023.10.10-07.14.13:397][  0]LogConfig: Setting CVar [[r.VolumetricFog.GridPixelSize:8]]
[2023.10.10-07.14.13:397][  0]LogConfig: Setting CVar [[r.VolumetricFog.GridSizeZ:128]]
[2023.10.10-07.14.13:397][  0]LogConfig: Setting CVar [[r.VolumetricFog.HistoryMissSupersampleCount:4]]
[2023.10.10-07.14.13:397][  0]LogConfig: Setting CVar [[r.LightMaxDrawDistanceScale:1]]
[2023.10.10-07.14.13:397][  0]LogConfig: Setting CVar [[r.CapsuleShadows:1]]
[2023.10.10-07.14.13:397][  0]LogConfig: Applying CVar settings from Section [PostProcessQuality@3] File [C:/Users/LAB308_17/Desktop/DragonDefender_V1/DragonDefender_V1/Saved/Config/Windows/Scalability.ini]
[2023.10.10-07.14.13:397][  0]LogConfig: Setting CVar [[r.MotionBlurQuality:4]]
[2023.10.10-07.14.13:397][  0]LogConfig: Setting CVar [[r.AmbientOcclusionMipLevelFactor:0.4]]
[2023.10.10-07.14.13:397][  0]LogConfig: Setting CVar [[r.AmbientOcclusionMaxQuality:100]]
[2023.10.10-07.14.13:397][  0]LogConfig: Setting CVar [[r.AmbientOcclusionLevels:-1]]
[2023.10.10-07.14.13:397][  0]LogConfig: Setting CVar [[r.AmbientOcclusionRadiusScale:1.0]]
[2023.10.10-07.14.13:397][  0]LogConfig: Setting CVar [[r.DepthOfFieldQuality:2]]
[2023.10.10-07.14.13:397][  0]LogConfig: Setting CVar [[r.RenderTargetPoolMin:400]]
[2023.10.10-07.14.13:397][  0]LogConfig: Setting CVar [[r.LensFlareQuality:2]]
[2023.10.10-07.14.13:397][  0]LogConfig: Setting CVar [[r.SceneColorFringeQuality:1]]
[2023.10.10-07.14.13:397][  0]LogConfig: Setting CVar [[r.EyeAdaptationQuality:2]]
[2023.10.10-07.14.13:397][  0]LogConfig: Setting CVar [[r.BloomQuality:5]]
[2023.10.10-07.14.13:397][  0]LogConfig: Setting CVar [[r.FastBlurThreshold:100]]
[2023.10.10-07.14.13:397][  0]LogConfig: Setting CVar [[r.Upscale.Quality:3]]
[2023.10.10-07.14.13:397][  0]LogConfig: Setting CVar [[r.Tonemapper.GrainQuantization:1]]
[2023.10.10-07.14.13:397][  0]LogConfig: Setting CVar [[r.LightShaftQuality:1]]
[2023.10.10-07.14.13:397][  0]LogConfig: Setting CVar [[r.Filter.SizeScale:1]]
[2023.10.10-07.14.13:397][  0]LogConfig: Setting CVar [[r.Tonemapper.Quality:5]]
[2023.10.10-07.14.13:397][  0]LogConfig: Setting CVar [[r.DOF.Gather.AccumulatorQuality:1        ; higher gathering accumulator quality]]
[2023.10.10-07.14.13:397][  0]LogConfig: Setting CVar [[r.DOF.Gather.PostfilterMethod:1          ; Median3x3 postfilering method]]
[2023.10.10-07.14.13:397][  0]LogConfig: Setting CVar [[r.DOF.Gather.EnableBokehSettings:0       ; no bokeh simulation when gathering]]
[2023.10.10-07.14.13:397][  0]LogConfig: Setting CVar [[r.DOF.Gather.RingCount:4                 ; medium number of samples when gathering]]
[2023.10.10-07.14.13:397][  0]LogConfig: Setting CVar [[r.DOF.Scatter.ForegroundCompositing:1    ; additive foreground scattering]]
[2023.10.10-07.14.13:397][  0]LogConfig: Setting CVar [[r.DOF.Scatter.BackgroundCompositing:2    ; additive background scattering]]
[2023.10.10-07.14.13:397][  0]LogConfig: Setting CVar [[r.DOF.Scatter.EnableBokehSettings:1      ; bokeh simulation when scattering]]
[2023.10.10-07.14.13:397][  0]LogConfig: Setting CVar [[r.DOF.Scatter.MaxSpriteRatio:0.1         ; only a maximum of 10% of scattered bokeh]]
[2023.10.10-07.14.13:397][  0]LogConfig: Setting CVar [[r.DOF.Recombine.Quality:1                ; cheap slight out of focus]]
[2023.10.10-07.14.13:397][  0]LogConfig: Setting CVar [[r.DOF.Recombine.EnableBokehSettings:0    ; no bokeh simulation on slight out of focus]]
[2023.10.10-07.14.13:397][  0]LogConfig: Setting CVar [[r.DOF.TemporalAAQuality:1                ; more stable temporal accumulation]]
[2023.10.10-07.14.13:397][  0]LogConfig: Setting CVar [[r.DOF.Kernel.MaxForegroundRadius:0.025]]
[2023.10.10-07.14.13:397][  0]LogConfig: Setting CVar [[r.DOF.Kernel.MaxBackgroundRadius:0.025]]
[2023.10.10-07.14.13:397][  0]LogConfig: Applying CVar settings from Section [TextureQuality@3] File [C:/Users/LAB308_17/Desktop/DragonDefender_V1/DragonDefender_V1/Saved/Config/Windows/Scalability.ini]
[2023.10.10-07.14.13:397][  0]LogConfig: Setting CVar [[r.Streaming.MipBias:0]]
[2023.10.10-07.14.13:397][  0]LogConfig: Setting CVar [[r.Streaming.AmortizeCPUToGPUCopy:0]]
[2023.10.10-07.14.13:397][  0]LogConfig: Setting CVar [[r.Streaming.MaxNumTexturesToStreamPerFrame:0]]
[2023.10.10-07.14.13:397][  0]LogConfig: Setting CVar [[r.Streaming.Boost:1]]
[2023.10.10-07.14.13:397][  0]LogConfig: Setting CVar [[r.MaxAnisotropy:8]]
[2023.10.10-07.14.13:397][  0]LogConfig: Setting CVar [[r.VT.MaxAnisotropy:8]]
[2023.10.10-07.14.13:397][  0]LogConfig: Setting CVar [[r.Streaming.LimitPoolSizeToVRAM:0]]
[2023.10.10-07.14.13:397][  0]LogConfig: Setting CVar [[r.Streaming.PoolSize:1000]]
[2023.10.10-07.14.13:397][  0]LogConfig: Setting CVar [[r.Streaming.MaxEffectiveScreenSize:0]]
[2023.10.10-07.14.13:397][  0]LogConfig: Applying CVar settings from Section [EffectsQuality@3] File [C:/Users/LAB308_17/Desktop/DragonDefender_V1/DragonDefender_V1/Saved/Config/Windows/Scalability.ini]
[2023.10.10-07.14.13:397][  0]LogConfig: Setting CVar [[r.TranslucencyLightingVolumeDim:64]]
[2023.10.10-07.14.13:397][  0]LogConfig: Setting CVar [[r.RefractionQuality:2]]
[2023.10.10-07.14.13:397][  0]LogConfig: Setting CVar [[r.SSR.Quality:3]]
[2023.10.10-07.14.13:397][  0]LogConfig: Setting CVar [[r.SSR.HalfResSceneColor:0]]
[2023.10.10-07.14.13:397][  0]LogConfig: Setting CVar [[r.SceneColorFormat:4]]
[2023.10.10-07.14.13:397][  0]LogConfig: Setting CVar [[r.DetailMode:2]]
[2023.10.10-07.14.13:397][  0]LogConfig: Setting CVar [[r.TranslucencyVolumeBlur:1]]
[2023.10.10-07.14.13:397][  0]LogConfig: Setting CVar [[r.MaterialQualityLevel:1 ; High quality]]
[2023.10.10-07.14.13:397][  0]LogConfig: Setting CVar [[r.AnisotropicMaterials:1]]
[2023.10.10-07.14.13:397][  0]LogConfig: Setting CVar [[r.SSS.Scale:1]]
[2023.10.10-07.14.13:397][  0]LogConfig: Setting CVar [[r.SSS.SampleSet:2]]
[2023.10.10-07.14.13:397][  0]LogConfig: Setting CVar [[r.SSS.Quality:1]]
[2023.10.10-07.14.13:397][  0]LogConfig: Setting CVar [[r.SSS.HalfRes:0]]
[2023.10.10-07.14.13:397][  0]LogConfig: Setting CVar [[r.SSGI.Quality:3]]
[2023.10.10-07.14.13:397][  0]LogConfig: Setting CVar [[r.EmitterSpawnRateScale:1.0]]
[2023.10.10-07.14.13:397][  0]LogConfig: Setting CVar [[r.ParticleLightQuality:2]]
[2023.10.10-07.14.13:397][  0]LogConfig: Setting CVar [[r.SkyAtmosphere.AerialPerspectiveLUT.FastApplyOnOpaque:1 ; Always have FastSkyLUT 1 in this case to avoid wrong sky]]
[2023.10.10-07.14.13:397][  0]LogConfig: Setting CVar [[r.SkyAtmosphere.AerialPerspectiveLUT.SampleCountMaxPerSlice:4]]
[2023.10.10-07.14.13:397][  0]LogConfig: Setting CVar [[r.SkyAtmosphere.AerialPerspectiveLUT.DepthResolution:16.0]]
[2023.10.10-07.14.13:397][  0]LogConfig: Setting CVar [[r.SkyAtmosphere.FastSkyLUT:1]]
[2023.10.10-07.14.13:397][  0]LogConfig: Setting CVar [[r.SkyAtmosphere.FastSkyLUT.SampleCountMin:4.0]]
[2023.10.10-07.14.13:397][  0]LogConfig: Setting CVar [[r.SkyAtmosphere.FastSkyLUT.SampleCountMax:128.0]]
[2023.10.10-07.14.13:397][  0]LogConfig: Setting CVar [[r.SkyAtmosphere.SampleCountMin:4.0]]
[2023.10.10-07.14.13:397][  0]LogConfig: Setting CVar [[r.SkyAtmosphere.SampleCountMax:128.0]]
[2023.10.10-07.14.13:397][  0]LogConfig: Setting CVar [[r.SkyAtmosphere.TransmittanceLUT.UseSmallFormat:0]]
[2023.10.10-07.14.13:397][  0]LogConfig: Setting CVar [[r.SkyAtmosphere.TransmittanceLUT.SampleCount:10.0]]
[2023.10.10-07.14.13:397][  0]LogConfig: Setting CVar [[r.SkyAtmosphere.MultiScatteringLUT.SampleCount:15.0]]
[2023.10.10-07.14.13:397][  0]LogConfig: Setting CVar [[r.SkyLight.RealTimeReflectionCapture:1]]
[2023.10.10-07.14.13:397][  0]LogConfig: Applying CVar settings from Section [FoliageQuality@3] File [C:/Users/LAB308_17/Desktop/DragonDefender_V1/DragonDefender_V1/Saved/Config/Windows/Scalability.ini]
[2023.10.10-07.14.13:397][  0]LogConfig: Setting CVar [[foliage.DensityScale:1.0]]
[2023.10.10-07.14.13:397][  0]LogConfig: Setting CVar [[grass.DensityScale:1.0]]
[2023.10.10-07.14.13:397][  0]LogConfig: Applying CVar settings from Section [ShadingQuality@3] File [C:/Users/LAB308_17/Desktop/DragonDefender_V1/DragonDefender_V1/Saved/Config/Windows/Scalability.ini]
[2023.10.10-07.14.13:397][  0]LogConfig: Setting CVar [[r.HairStrands.SkyLighting.IntegrationType:2]]
[2023.10.10-07.14.13:397][  0]LogConfig: Setting CVar [[r.HairStrands.SkyAO.SampleCount:4]]
[2023.10.10-07.14.13:397][  0]LogConfig: Setting CVar [[r.HairStrands.Visibility.MSAA.SamplePerPixel:4]]
[2023.10.10-07.14.13:397][  0]LogInit: Selected Device Profile: [Windows]
[2023.10.10-07.14.13:397][  0]LogInit: Applying CVar settings loaded from the selected device profile: [Windows]
[2023.10.10-07.14.13:397][  0]LogHAL: Display: Platform has ~ 32 GB [34218852352 / 34359738368 / 32], which maps to Largest [LargestMinGB=32, LargerMinGB=12, DefaultMinGB=8, SmallerMinGB=6, SmallestMinGB=0)
[2023.10.10-07.14.13:397][  0]LogInit: Going up to parent DeviceProfile []
[2023.10.10-07.14.13:397][  0]LogConfig: Applying CVar settings from Section [ViewDistanceQuality@3] File [C:/Users/LAB308_17/Desktop/DragonDefender_V1/DragonDefender_V1/Saved/Config/Windows/Scalability.ini]
[2023.10.10-07.14.13:397][  0]LogConfig: Setting CVar [[r.SkeletalMeshLODBias:0]]
[2023.10.10-07.14.13:397][  0]LogConfig: Setting CVar [[r.ViewDistanceScale:1.0]]
[2023.10.10-07.14.13:397][  0]LogConfig: Applying CVar settings from Section [AntiAliasingQuality@3] File [C:/Users/LAB308_17/Desktop/DragonDefender_V1/DragonDefender_V1/Saved/Config/Windows/Scalability.ini]
[2023.10.10-07.14.13:397][  0]LogConfig: Setting CVar [[r.PostProcessAAQuality:4]]
[2023.10.10-07.14.13:397][  0]LogConfig: Applying CVar settings from Section [ShadowQuality@3] File [C:/Users/LAB308_17/Desktop/DragonDefender_V1/DragonDefender_V1/Saved/Config/Windows/Scalability.ini]
[2023.10.10-07.14.13:397][  0]LogConfig: Setting CVar [[r.LightFunctionQuality:1]]
[2023.10.10-07.14.13:397][  0]LogConfig: Setting CVar [[r.ShadowQuality:5]]
[2023.10.10-07.14.13:397][  0]LogConfig: Setting CVar [[r.Shadow.CSM.MaxCascades:10]]
[2023.10.10-07.14.13:397][  0]LogConfig: Setting CVar [[r.Shadow.MaxResolution:2048]]
[2023.10.10-07.14.13:397][  0]LogConfig: Setting CVar [[r.Shadow.MaxCSMResolution:2048]]
[2023.10.10-07.14.13:397][  0]LogConfig: Setting CVar [[r.Shadow.RadiusThreshold:0.01]]
[2023.10.10-07.14.13:397][  0]LogConfig: Setting CVar [[r.Shadow.DistanceScale:1.0]]
[2023.10.10-07.14.13:397][  0]LogConfig: Setting CVar [[r.Shadow.CSM.TransitionScale:1.0]]
[2023.10.10-07.14.13:397][  0]LogConfig: Setting CVar [[r.Shadow.PreShadowResolutionFactor:1.0]]
[2023.10.10-07.14.13:397][  0]LogConfig: Setting CVar [[r.DistanceFieldShadowing:1]]
[2023.10.10-07.14.13:397][  0]LogConfig: Setting CVar [[r.DistanceFieldAO:1]]
[2023.10.10-07.14.13:397][  0]LogConfig: Setting CVar [[r.AOQuality:2]]
[2023.10.10-07.14.13:397][  0]LogConfig: Setting CVar [[r.VolumetricFog:1]]
[2023.10.10-07.14.13:397][  0]LogConfig: Setting CVar [[r.VolumetricFog.GridPixelSize:8]]
[2023.10.10-07.14.13:397][  0]LogConfig: Setting CVar [[r.VolumetricFog.GridSizeZ:128]]
[2023.10.10-07.14.13:397][  0]LogConfig: Setting CVar [[r.VolumetricFog.HistoryMissSupersampleCount:4]]
[2023.10.10-07.14.13:397][  0]LogConfig: Setting CVar [[r.LightMaxDrawDistanceScale:1]]
[2023.10.10-07.14.13:397][  0]LogConfig: Setting CVar [[r.CapsuleShadows:1]]
[2023.10.10-07.14.13:397][  0]LogConfig: Applying CVar settings from Section [PostProcessQuality@3] File [C:/Users/LAB308_17/Desktop/DragonDefender_V1/DragonDefender_V1/Saved/Config/Windows/Scalability.ini]
[2023.10.10-07.14.13:398][  0]LogConfig: Setting CVar [[r.MotionBlurQuality:4]]
[2023.10.10-07.14.13:398][  0]LogConfig: Setting CVar [[r.AmbientOcclusionMipLevelFactor:0.4]]
[2023.10.10-07.14.13:398][  0]LogConfig: Setting CVar [[r.AmbientOcclusionMaxQuality:100]]
[2023.10.10-07.14.13:398][  0]LogConfig: Setting CVar [[r.AmbientOcclusionLevels:-1]]
[2023.10.10-07.14.13:398][  0]LogConfig: Setting CVar [[r.AmbientOcclusionRadiusScale:1.0]]
[2023.10.10-07.14.13:398][  0]LogConfig: Setting CVar [[r.DepthOfFieldQuality:2]]
[2023.10.10-07.14.13:398][  0]LogConfig: Setting CVar [[r.RenderTargetPoolMin:400]]
[2023.10.10-07.14.13:398][  0]LogConfig: Setting CVar [[r.LensFlareQuality:2]]
[2023.10.10-07.14.13:398][  0]LogConfig: Setting CVar [[r.SceneColorFringeQuality:1]]
[2023.10.10-07.14.13:398][  0]LogConfig: Setting CVar [[r.EyeAdaptationQuality:2]]
[2023.10.10-07.14.13:398][  0]LogConfig: Setting CVar [[r.BloomQuality:5]]
[2023.10.10-07.14.13:398][  0]LogConfig: Setting CVar [[r.FastBlurThreshold:100]]
[2023.10.10-07.14.13:398][  0]LogConfig: Setting CVar [[r.Upscale.Quality:3]]
[2023.10.10-07.14.13:398][  0]LogConfig: Setting CVar [[r.Tonemapper.GrainQuantization:1]]
[2023.10.10-07.14.13:398][  0]LogConfig: Setting CVar [[r.LightShaftQuality:1]]
[2023.10.10-07.14.13:398][  0]LogConfig: Setting CVar [[r.Filter.SizeScale:1]]
[2023.10.10-07.14.13:398][  0]LogConfig: Setting CVar [[r.Tonemapper.Quality:5]]
[2023.10.10-07.14.13:398][  0]LogConfig: Setting CVar [[r.DOF.Gather.AccumulatorQuality:1        ; higher gathering accumulator quality]]
[2023.10.10-07.14.13:398][  0]LogConfig: Setting CVar [[r.DOF.Gather.PostfilterMethod:1          ; Median3x3 postfilering method]]
[2023.10.10-07.14.13:398][  0]LogConfig: Setting CVar [[r.DOF.Gather.EnableBokehSettings:0       ; no bokeh simulation when gathering]]
[2023.10.10-07.14.13:398][  0]LogConfig: Setting CVar [[r.DOF.Gather.RingCount:4                 ; medium number of samples when gathering]]
[2023.10.10-07.14.13:398][  0]LogConfig: Setting CVar [[r.DOF.Scatter.ForegroundCompositing:1    ; additive foreground scattering]]
[2023.10.10-07.14.13:398][  0]LogConfig: Setting CVar [[r.DOF.Scatter.BackgroundCompositing:2    ; additive background scattering]]
[2023.10.10-07.14.13:398][  0]LogConfig: Setting CVar [[r.DOF.Scatter.EnableBokehSettings:1      ; bokeh simulation when scattering]]
[2023.10.10-07.14.13:398][  0]LogConfig: Setting CVar [[r.DOF.Scatter.MaxSpriteRatio:0.1         ; only a maximum of 10% of scattered bokeh]]
[2023.10.10-07.14.13:398][  0]LogConfig: Setting CVar [[r.DOF.Recombine.Quality:1                ; cheap slight out of focus]]
[2023.10.10-07.14.13:398][  0]LogConfig: Setting CVar [[r.DOF.Recombine.EnableBokehSettings:0    ; no bokeh simulation on slight out of focus]]
[2023.10.10-07.14.13:398][  0]LogConfig: Setting CVar [[r.DOF.TemporalAAQuality:1                ; more stable temporal accumulation]]
[2023.10.10-07.14.13:398][  0]LogConfig: Setting CVar [[r.DOF.Kernel.MaxForegroundRadius:0.025]]
[2023.10.10-07.14.13:398][  0]LogConfig: Setting CVar [[r.DOF.Kernel.MaxBackgroundRadius:0.025]]
[2023.10.10-07.14.13:398][  0]LogConfig: Applying CVar settings from Section [TextureQuality@3] File [C:/Users/LAB308_17/Desktop/DragonDefender_V1/DragonDefender_V1/Saved/Config/Windows/Scalability.ini]
[2023.10.10-07.14.13:398][  0]LogConfig: Setting CVar [[r.Streaming.MipBias:0]]
[2023.10.10-07.14.13:398][  0]LogConfig: Setting CVar [[r.Streaming.AmortizeCPUToGPUCopy:0]]
[2023.10.10-07.14.13:398][  0]LogConfig: Setting CVar [[r.Streaming.MaxNumTexturesToStreamPerFrame:0]]
[2023.10.10-07.14.13:398][  0]LogConfig: Setting CVar [[r.Streaming.Boost:1]]
[2023.10.10-07.14.13:398][  0]LogConfig: Setting CVar [[r.MaxAnisotropy:8]]
[2023.10.10-07.14.13:398][  0]LogConfig: Setting CVar [[r.VT.MaxAnisotropy:8]]
[2023.10.10-07.14.13:398][  0]LogConfig: Setting CVar [[r.Streaming.LimitPoolSizeToVRAM:0]]
[2023.10.10-07.14.13:398][  0]LogConfig: Setting CVar [[r.Streaming.PoolSize:1000]]
[2023.10.10-07.14.13:398][  0]LogConfig: Setting CVar [[r.Streaming.MaxEffectiveScreenSize:0]]
[2023.10.10-07.14.13:398][  0]LogConfig: Applying CVar settings from Section [EffectsQuality@3] File [C:/Users/LAB308_17/Desktop/DragonDefender_V1/DragonDefender_V1/Saved/Config/Windows/Scalability.ini]
[2023.10.10-07.14.13:398][  0]LogConfig: Setting CVar [[r.TranslucencyLightingVolumeDim:64]]
[2023.10.10-07.14.13:398][  0]LogConfig: Setting CVar [[r.RefractionQuality:2]]
[2023.10.10-07.14.13:398][  0]LogConfig: Setting CVar [[r.SSR.Quality:3]]
[2023.10.10-07.14.13:398][  0]LogConfig: Setting CVar [[r.SSR.HalfResSceneColor:0]]
[2023.10.10-07.14.13:398][  0]LogConfig: Setting CVar [[r.SceneColorFormat:4]]
[2023.10.10-07.14.13:398][  0]LogConfig: Setting CVar [[r.DetailMode:2]]
[2023.10.10-07.14.13:398][  0]LogConfig: Setting CVar [[r.TranslucencyVolumeBlur:1]]
[2023.10.10-07.14.13:398][  0]LogConfig: Setting CVar [[r.MaterialQualityLevel:1 ; High quality]]
[2023.10.10-07.14.13:398][  0]LogConfig: Setting CVar [[r.AnisotropicMaterials:1]]
[2023.10.10-07.14.13:398][  0]LogConfig: Setting CVar [[r.SSS.Scale:1]]
[2023.10.10-07.14.13:398][  0]LogConfig: Setting CVar [[r.SSS.SampleSet:2]]
[2023.10.10-07.14.13:398][  0]LogConfig: Setting CVar [[r.SSS.Quality:1]]
[2023.10.10-07.14.13:398][  0]LogConfig: Setting CVar [[r.SSS.HalfRes:0]]
[2023.10.10-07.14.13:398][  0]LogConfig: Setting CVar [[r.SSGI.Quality:3]]
[2023.10.10-07.14.13:398][  0]LogConfig: Setting CVar [[r.EmitterSpawnRateScale:1.0]]
[2023.10.10-07.14.13:398][  0]LogConfig: Setting CVar [[r.ParticleLightQuality:2]]
[2023.10.10-07.14.13:398][  0]LogConfig: Setting CVar [[r.SkyAtmosphere.AerialPerspectiveLUT.FastApplyOnOpaque:1 ; Always have FastSkyLUT 1 in this case to avoid wrong sky]]
[2023.10.10-07.14.13:398][  0]LogConfig: Setting CVar [[r.SkyAtmosphere.AerialPerspectiveLUT.SampleCountMaxPerSlice:4]]
[2023.10.10-07.14.13:398][  0]LogConfig: Setting CVar [[r.SkyAtmosphere.AerialPerspectiveLUT.DepthResolution:16.0]]
[2023.10.10-07.14.13:398][  0]LogConfig: Setting CVar [[r.SkyAtmosphere.FastSkyLUT:1]]
[2023.10.10-07.14.13:398][  0]LogConfig: Setting CVar [[r.SkyAtmosphere.FastSkyLUT.SampleCountMin:4.0]]
[2023.10.10-07.14.13:398][  0]LogConfig: Setting CVar [[r.SkyAtmosphere.FastSkyLUT.SampleCountMax:128.0]]
[2023.10.10-07.14.13:398][  0]LogConfig: Setting CVar [[r.SkyAtmosphere.SampleCountMin:4.0]]
[2023.10.10-07.14.13:398][  0]LogConfig: Setting CVar [[r.SkyAtmosphere.SampleCountMax:128.0]]
[2023.10.10-07.14.13:398][  0]LogConfig: Setting CVar [[r.SkyAtmosphere.TransmittanceLUT.UseSmallFormat:0]]
[2023.10.10-07.14.13:398][  0]LogConfig: Setting CVar [[r.SkyAtmosphere.TransmittanceLUT.SampleCount:10.0]]
[2023.10.10-07.14.13:398][  0]LogConfig: Setting CVar [[r.SkyAtmosphere.MultiScatteringLUT.SampleCount:15.0]]
[2023.10.10-07.14.13:398][  0]LogConfig: Setting CVar [[r.SkyLight.RealTimeReflectionCapture:1]]
[2023.10.10-07.14.13:398][  0]LogConfig: Applying CVar settings from Section [FoliageQuality@3] File [C:/Users/LAB308_17/Desktop/DragonDefender_V1/DragonDefender_V1/Saved/Config/Windows/Scalability.ini]
[2023.10.10-07.14.13:398][  0]LogConfig: Setting CVar [[foliage.DensityScale:1.0]]
[2023.10.10-07.14.13:398][  0]LogConfig: Setting CVar [[grass.DensityScale:1.0]]
[2023.10.10-07.14.13:398][  0]LogConfig: Applying CVar settings from Section [ShadingQuality@3] File [C:/Users/LAB308_17/Desktop/DragonDefender_V1/DragonDefender_V1/Saved/Config/Windows/Scalability.ini]
[2023.10.10-07.14.13:398][  0]LogConfig: Setting CVar [[r.HairStrands.SkyLighting.IntegrationType:2]]
[2023.10.10-07.14.13:398][  0]LogConfig: Setting CVar [[r.HairStrands.SkyAO.SampleCount:4]]
[2023.10.10-07.14.13:398][  0]LogConfig: Setting CVar [[r.HairStrands.Visibility.MSAA.SamplePerPixel:4]]
[2023.10.10-07.14.13:398][  0]LogConfig: Applying CVar settings from Section [Startup] File [../../../Engine/Config/ConsoleVariables.ini]
[2023.10.10-07.14.13:398][  0]LogConfig: Setting CVar [[net.UseAdaptiveNetUpdateFrequency:0]]
[2023.10.10-07.14.13:398][  0]LogConfig: Setting CVar [[p.chaos.AllowCreatePhysxBodies:1]]
[2023.10.10-07.14.13:398][  0]LogConfig: Setting CVar [[fx.SkipVectorVMBackendOptimizations:1]]
[2023.10.10-07.14.13:398][  0]LogConfig: Applying CVar settings from Section [ConsoleVariables] File [C:/Users/LAB308_17/Desktop/DragonDefender_V1/DragonDefender_V1/Saved/Config/Windows/Engine.ini]
[2023.10.10-07.14.13:398][  0]LogConfig: Applying CVar settings from Section [ConsoleVariables] File [C:/Users/LAB308_17/Desktop/DragonDefender_V1/DragonDefender_V1/Saved/Config/Windows/Editor.ini]
[2023.10.10-07.14.13:398][  0]LogInit: Computer: LAB308-01
[2023.10.10-07.14.13:398][  0]LogInit: User: LAB30801
[2023.10.10-07.14.13:398][  0]LogInit: CPU Page size=4096, Cores=8
[2023.10.10-07.14.13:398][  0]LogInit: High frequency timer resolution =10.000000 MHz
[2023.10.10-07.14.13:398][  0]LogMemory: Memory total: Physical=31.9GB (32GB approx)
[2023.10.10-07.14.13:398][  0]LogMemory: Platform Memory Stats for Windows
[2023.10.10-07.14.13:398][  0]LogMemory: Process Physical Memory: 146.08 MB used, 146.08 MB peak
[2023.10.10-07.14.13:398][  0]LogMemory: Process Virtual Memory: 120.99 MB used, 120.99 MB peak
[2023.10.10-07.14.13:398][  0]LogMemory: Physical Memory: 5972.59 MB used,  26661.05 MB free, 32633.64 MB total
[2023.10.10-07.14.13:398][  0]LogMemory: Virtual Memory: 134187760.00 MB used,  29971.70 MB free, 134217728.00 MB total
[2023.10.10-07.14.13:408][  0]LogWindows: WindowsPlatformFeatures enabled
[2023.10.10-07.14.13:420][  0]LogInit: Physics initialised using underlying interface: PhysX
[2023.10.10-07.14.13:422][  0]LogInit: Using OS detected language (en-US).
[2023.10.10-07.14.13:422][  0]LogInit: Using OS detected locale (th-TH).
[2023.10.10-07.14.13:424][  0]LogTextLocalizationManager: No specific localization for 'en-US' exists, so the 'en' localization will be used.
[2023.10.10-07.14.13:550][  0]LogInit: Setting process to per monitor DPI aware
[2023.10.10-07.14.13:557][  0]LogWindowsTextInputMethodSystem: Display: IME system deactivated.
[2023.10.10-07.14.13:564][  0]LogSlate: New Slate User Created.  User Index 0, Is Virtual User: 0
[2023.10.10-07.14.13:564][  0]LogSlate: Slate User Registered.  User Index 0, Is Virtual User: 0
[2023.10.10-07.14.13:652][  0]LogD3D11RHI: Loaded GFSDK_Aftermath_Lib.x64.dll
[2023.10.10-07.14.13:654][  0]LogHMD: Failed to initialize OpenVR with code 110
[2023.10.10-07.14.13:654][  0]LogD3D11RHI: D3D11 min allowed feature level: 11_0
[2023.10.10-07.14.13:654][  0]LogD3D11RHI: D3D11 max allowed feature level: 11_0
[2023.10.10-07.14.13:654][  0]LogD3D11RHI: D3D11 adapters:
[2023.10.10-07.14.13:750][  0]LogD3D11RHI:    0. 'NVIDIA GeForce RTX 3060' (Feature Level 11_0)
[2023.10.10-07.14.13:750][  0]LogD3D11RHI:       12129/0/16316 MB DedicatedVideo/DedicatedSystem/SharedSystem, Outputs:1, VendorId:0x10de
[2023.10.10-07.14.13:751][  0]LogD3D11RHI:    1. 'Microsoft Basic Render Driver' (Feature Level 11_0)
[2023.10.10-07.14.13:751][  0]LogD3D11RHI:       0/0/16316 MB DedicatedVideo/DedicatedSystem/SharedSystem, Outputs:0, VendorId:0x1414
[2023.10.10-07.14.13:751][  0]LogD3D11RHI: Chosen D3D11 Adapter:
[2023.10.10-07.14.13:751][  0]LogD3D11RHI:     Description : NVIDIA GeForce RTX 3060
[2023.10.10-07.14.13:751][  0]LogD3D11RHI:     VendorId    : 10de
[2023.10.10-07.14.13:751][  0]LogD3D11RHI:     DeviceId    : 2504
[2023.10.10-07.14.13:751][  0]LogD3D11RHI:     SubSysId    : 463019da
[2023.10.10-07.14.13:751][  0]LogD3D11RHI:     Revision    : 00a1
[2023.10.10-07.14.13:751][  0]LogD3D11RHI:     DedicatedVideoMemory : 12718178304 bytes
[2023.10.10-07.14.13:751][  0]LogD3D11RHI:     DedicatedSystemMemory : 0 bytes
[2023.10.10-07.14.13:751][  0]LogD3D11RHI:     SharedSystemMemory : 17109426176 bytes
[2023.10.10-07.14.13:751][  0]LogD3D11RHI:     AdapterLuid : 0 54441
[2023.10.10-07.14.13:755][  0]LogD3D11RHI: Creating new Direct3DDevice
[2023.10.10-07.14.13:755][  0]LogD3D11RHI:     GPU DeviceId: 0x2504 (for the marketing name, search the web for "GPU Device Id")
[2023.10.10-07.14.13:755][  0]LogWindows: EnumDisplayDevices:
[2023.10.10-07.14.13:755][  0]LogWindows:    0. 'NVIDIA GeForce RTX 3060' (P:1 D:1)
[2023.10.10-07.14.13:755][  0]LogWindows:    1. 'NVIDIA GeForce RTX 3060' (P:0 D:0)
[2023.10.10-07.14.13:755][  0]LogWindows:    2. 'NVIDIA GeForce RTX 3060' (P:0 D:0)
[2023.10.10-07.14.13:755][  0]LogWindows:    3. 'NVIDIA GeForce RTX 3060' (P:0 D:0)
[2023.10.10-07.14.13:755][  0]LogWindows: DebugString: FoundDriverCount:4 
[2023.10.10-07.14.13:755][  0]LogD3D11RHI:     Adapter Name: NVIDIA GeForce RTX 3060
[2023.10.10-07.14.13:755][  0]LogD3D11RHI:   Driver Version: 531.79 (internal:31.0.15.3179, unified:531.79)
[2023.10.10-07.14.13:755][  0]LogD3D11RHI:      Driver Date: 4-25-2023
[2023.10.10-07.14.13:755][  0]LogRHI: Texture pool is 8490 MB (70% of 12129 MB)
[2023.10.10-07.14.13:755][  0]LogD3D11RHI: Creating D3DDevice using adapter:
[2023.10.10-07.14.13:755][  0]LogD3D11RHI:     Description : NVIDIA GeForce RTX 3060
[2023.10.10-07.14.13:755][  0]LogD3D11RHI:     VendorId    : 10de
[2023.10.10-07.14.13:755][  0]LogD3D11RHI:     DeviceId    : 2504
[2023.10.10-07.14.13:755][  0]LogD3D11RHI:     SubSysId    : 463019da
[2023.10.10-07.14.13:755][  0]LogD3D11RHI:     Revision    : 00a1
[2023.10.10-07.14.13:755][  0]LogD3D11RHI:     DedicatedVideoMemory : 12718178304 bytes
[2023.10.10-07.14.13:755][  0]LogD3D11RHI:     DedicatedSystemMemory : 0 bytes
[2023.10.10-07.14.13:756][  0]LogD3D11RHI:     SharedSystemMemory : 17109426176 bytes
[2023.10.10-07.14.13:756][  0]LogD3D11RHI:     AdapterLuid : 0 54441
[2023.10.10-07.14.13:821][  0]LogD3D11RHI: RHI has support for 64 bit atomics
[2023.10.10-07.14.13:821][  0]LogD3D11RHI: Async texture creation enabled
[2023.10.10-07.14.13:821][  0]LogD3D11RHI: Array index from any shader is supported
[2023.10.10-07.14.13:837][  0]LogD3D11RHI: GPU Timing Frequency: 1000.000000 (Debug: 2 2)
[2023.10.10-07.14.13:862][  0]LogRHI: GeForceNow SDK initialized: 1
[2023.10.10-07.14.14:142][  0]LogTargetPlatformManager: Display: Loaded TargetPlatform 'AllDesktop'
[2023.10.10-07.14.14:155][  0]LogTargetPlatformManager: Display: Loaded TargetPlatform 'Android'
[2023.10.10-07.14.14:155][  0]LogTargetPlatformManager: Display: Loaded TargetPlatform 'Android_ASTC'
[2023.10.10-07.14.14:155][  0]LogTargetPlatformManager: Display: Loaded TargetPlatform 'Android_DXT'
[2023.10.10-07.14.14:155][  0]LogTargetPlatformManager: Display: Loaded TargetPlatform 'Android_ETC2'
[2023.10.10-07.14.14:155][  0]LogTargetPlatformManager: Display: Loaded TargetPlatform 'AndroidClient'
[2023.10.10-07.14.14:155][  0]LogTargetPlatformManager: Display: Loaded TargetPlatform 'Android_ASTCClient'
[2023.10.10-07.14.14:155][  0]LogTargetPlatformManager: Display: Loaded TargetPlatform 'Android_DXTClient'
[2023.10.10-07.14.14:155][  0]LogTargetPlatformManager: Display: Loaded TargetPlatform 'Android_ETC2Client'
[2023.10.10-07.14.14:155][  0]LogTargetPlatformManager: Display: Loaded TargetPlatform 'Android_Multi'
[2023.10.10-07.14.14:155][  0]LogTargetPlatformManager: Display: Loaded TargetPlatform 'Android_MultiClient'
[2023.10.10-07.14.14:166][  0]LogTargetPlatformManager: Display: Loaded TargetPlatform 'IOSClient'
[2023.10.10-07.14.14:166][  0]LogTargetPlatformManager: Display: Loaded TargetPlatform 'IOS'
[2023.10.10-07.14.14:172][  0]LogTargetPlatformManager: Display: Loaded TargetPlatform 'Linux'
[2023.10.10-07.14.14:175][  0]LogTargetPlatformManager: Display: Loaded TargetPlatform 'LinuxNoEditor'
[2023.10.10-07.14.14:177][  0]LogTargetPlatformManager: Display: Loaded TargetPlatform 'LinuxClient'
[2023.10.10-07.14.14:180][  0]LogTargetPlatformManager: Display: Loaded TargetPlatform 'LinuxServer'
[2023.10.10-07.14.14:185][  0]LogTargetPlatformManager: Display: Loaded TargetPlatform 'LinuxAArch64NoEditor'
[2023.10.10-07.14.14:188][  0]LogTargetPlatformManager: Display: Loaded TargetPlatform 'LinuxAArch64Client'
[2023.10.10-07.14.14:190][  0]LogTargetPlatformManager: Display: Loaded TargetPlatform 'LinuxAArch64Server'
[2023.10.10-07.14.14:206][  0]LogTargetPlatformManager: Display: Loaded TargetPlatform 'Lumin'
[2023.10.10-07.14.14:206][  0]LogTargetPlatformManager: Display: Loaded TargetPlatform 'LuminClient'
[2023.10.10-07.14.14:210][  0]LogTargetPlatformManager: Display: Loaded TargetPlatform 'MacNoEditor'
[2023.10.10-07.14.14:214][  0]LogTargetPlatformManager: Display: Loaded TargetPlatform 'Mac'
[2023.10.10-07.14.14:216][  0]LogTargetPlatformManager: Display: Loaded TargetPlatform 'MacClient'
[2023.10.10-07.14.14:219][  0]LogTargetPlatformManager: Display: Loaded TargetPlatform 'MacServer'
[2023.10.10-07.14.14:225][  0]LogTargetPlatformManager: Display: Loaded TargetPlatform 'TVOSClient'
[2023.10.10-07.14.14:225][  0]LogTargetPlatformManager: Display: Loaded TargetPlatform 'TVOS'
[2023.10.10-07.14.14:230][  0]LogTargetPlatformManager: Display: Loaded TargetPlatform 'WindowsNoEditor'
[2023.10.10-07.14.14:233][  0]LogTargetPlatformManager: Display: Loaded TargetPlatform 'Windows'
[2023.10.10-07.14.14:235][  0]LogTargetPlatformManager: Display: Loaded TargetPlatform 'WindowsClient'
[2023.10.10-07.14.14:238][  0]LogTargetPlatformManager: Display: Loaded TargetPlatform 'WindowsServer'
[2023.10.10-07.14.14:238][  0]LogTargetPlatformManager: Display: Building Assets For Windows
[2023.10.10-07.14.14:242][  0]LogAudioDebug: Display: Lib vorbis DLL was dynamically loaded.
[2023.10.10-07.14.14:258][  0]LogTextureFormatOodle: Display: Oodle Texture 2.9.0 init RDO Off
[2023.10.10-07.14.14:274][  0]LogRendererCore: Ray tracing is disabled. Reason: r.RayTracing=0.
[2023.10.10-07.14.14:274][  0]LogShaderCompilers: Guid format shader working directory is -27 characters bigger than the processId version (../../../../../../Users/LAB308_17/Desktop/DragonDefender_V1/DragonDefender_V1/Intermediate/Shaders/WorkingDirectory/2872/).
[2023.10.10-07.14.14:274][  0]LogShaderCompilers: Cleaned the shader compiler working directory 'C:/Users/LAB308_17/AppData/Local/Temp/UnrealShaderWorkingDir/3E8227CC438C44968D0D439A61CF36A8/'.
[2023.10.10-07.14.14:274][  0]LogXGEController: Cannot use XGE Controller as Incredibuild is not installed on this machine.
[2023.10.10-07.14.14:274][  0]LogShaderCompilers: Cannot use XGE Shader Compiler as Incredibuild is not installed on this machine.
[2023.10.10-07.14.14:274][  0]LogShaderCompilers: Display: Using Local Shader Compiler.
[2023.10.10-07.14.14:855][  0]LogDerivedDataCache: Display: Max Cache Size: 512 MB
[2023.10.10-07.14.14:893][  0]LogDerivedDataCache: Loaded boot cache 0.04s 94MB C:/Users/LAB308_17/AppData/Local/UnrealEngine/4.27/DerivedDataCache/Boot.ddc.
[2023.10.10-07.14.14:893][  0]LogDerivedDataCache: Display: Loaded Boot cache: C:/Users/LAB308_17/AppData/Local/UnrealEngine/4.27/DerivedDataCache/Boot.ddc
[2023.10.10-07.14.14:893][  0]LogDerivedDataCache: FDerivedDataBackendGraph:  Pak pak cache file ../../../../../../Users/LAB308_17/Desktop/DragonDefender_V1/DragonDefender_V1/DerivedDataCache/DDC.ddp not found, will not use a pak cache.
[2023.10.10-07.14.14:893][  0]LogDerivedDataCache: Unable to find inner node Pak for hierarchical cache Hierarchy.
[2023.10.10-07.14.14:893][  0]LogDerivedDataCache: FDerivedDataBackendGraph:  CompressedPak pak cache file ../../../../../../Users/LAB308_17/Desktop/DragonDefender_V1/DragonDefender_V1/DerivedDataCache/Compressed.ddp not found, will not use a pak cache.
[2023.10.10-07.14.14:893][  0]LogDerivedDataCache: Unable to find inner node CompressedPak for hierarchical cache Hierarchy.
[2023.10.10-07.14.14:906][  0]LogDerivedDataCache: Display: Pak cache opened for reading ../../../Engine/DerivedDataCache/Compressed.ddp.
[2023.10.10-07.14.14:906][  0]LogDerivedDataCache: FDerivedDataBackendGraph:  EnterprisePak pak cache file ../../../Enterprise/DerivedDataCache/Compressed.ddp not found, will not use a pak cache.
[2023.10.10-07.14.14:906][  0]LogDerivedDataCache: Unable to find inner node EnterprisePak for hierarchical cache Hierarchy.
[2023.10.10-07.14.14:912][  0]LogDerivedDataCache: Speed tests for C:/Users/LAB308_17/AppData/Local/UnrealEngine/Common/DerivedDataCache took 0.01 seconds
[2023.10.10-07.14.14:912][  0]LogDerivedDataCache: Display: Performance to C:/Users/LAB308_17/AppData/Local/UnrealEngine/Common/DerivedDataCache: Latency=0.01ms. RandomReadSpeed=2025.02MBs, RandomWriteSpeed=165.59MBs. Assigned SpeedClass 'Local'
[2023.10.10-07.14.14:912][  0]LogDerivedDataCache: Using Local data cache path C:/Users/LAB308_17/AppData/Local/UnrealEngine/Common/DerivedDataCache: Writable
[2023.10.10-07.14.14:912][  0]LogDerivedDataCache: Shared data cache path not found in *engine.ini, will not use an Shared cache.
[2023.10.10-07.14.14:912][  0]LogDerivedDataCache: Unable to find inner node Shared for hierarchical cache Hierarchy.
[2023.10.10-07.14.14:949][  0]LogSlate: Using FreeType 2.10.0
[2023.10.10-07.14.14:949][  0]LogSlate: SlateFontServices - WITH_FREETYPE: 1, WITH_HARFBUZZ: 1
[2023.10.10-07.14.14:967][  0]LogAssetRegistry: FAssetRegistry took 0.0019 seconds to start up
[2023.10.10-07.14.15:143][  0]LogInit: Selected Device Profile: [Windows]
[2023.10.10-07.14.15:143][  0]LogInit: Active device profile: [0000019C4B4FEC00][0000019C4B985440 49] Windows
[2023.10.10-07.14.15:143][  0]LogInit: Profiles: [0000019C4B4FEC00][0000019C4B985440 49] Windows, [0000019C4B32E000][0000019C429695C0 49] WindowsNoEditor, [0000019C4B4FF900][0000019C4296D740 49] WindowsServer, [0000019C4B32D300][0000019C429758C0 49] WindowsClient, [0000019C4B4FEB00][0000019C4297DA40 49] IOS, [0000019C4B32F500][0000019C42981BC0 49] iPadAir, [0000019C4B4FCE00][0000019C429AA1C0 49] iPadAir2, [0000019C4B13D300][0000019C429BA480 49] IPadPro, [0000019C4B13D400][0000019C429B24C0 49] iPadAir3, [0000019C4B32F300][0000019C429C6640 49] iPadAir4, [0000019C4B13E200][0000019C425607C0 49] iPadMini2, [0000019C4B32EC00][0000019C49654940 49] iPadMini3, [0000019C4B13EE00][0000019C4B988A80 49] iPadMini4, [0000019C4B32E300][0000019C49658BC0 49] iPadMini5, [0000019C4B158E00][0000019C49664E40 49] iPhone6, [0000019C4B158F00][0000019C4965CE80 49] iPodTouch6, [0000019C4B4FC300][0000019C4BA93140 49] iPhone7, [0000019C4B4FD900][0000019C4BA8F180 49] iPodTouch7, [0000019C4B13F300][0000019C4BA97300 49] iPhone5S, [0000019C4B4FEA00][0000019C4BA9B480 49] iPhone6Plus, [0000019C4B4FEF00][0000019C4351B600 49] iPhone6S, [0000019C4B158700][0000019C4351F780 49] iPhone6SPlus, [0000019C4B4FE600][0000019C43523900 49] iPhone7Plus, [0000019C4B15B000][0000019C43527A80 49] iPhoneSE, [0000019C4B4FCF00][0000019C4352BC00 49] iPhone8, [0000019C4B159400][0000019C43B0E200 49] iPhone8Plus, [0000019C4B13D900][0000019C4352E380 49] iPhoneX, [0000019C4B158D00][0000019C4257C500 49] iPhoneXS, [0000019C4B13DC00][0000019C43532680 49] iPhoneXSMax, [0000019C4B15B600][0000019C4B98C800 49] iPhoneXR, [0000019C4B13C300][0000019C4BBCA980 49] iPhone11, [0000019C4B15A000][0000019C4BBD2B00 49] iPhone11Pro, [0000019C4B13E800][0000019C49660C40 49] iPhone11ProMax, [0000019C4B15B100][0000019C4BBE0D80 49] iPhoneSE2, [0000019C4B13CB00][0000019C4BBE4EC0 49] iPhone12Mini, [0000019C4B15A700][0000019C4BBED040 49] iPhone12, [0000019C4B13D100][0000019C4BBF11C0 49] iPhone12Pro, [0000019C4B158400][0000019C4BBF5340 49] iPhone12ProMax, [0000019C4B13D700][0000019C4BBF94C0 49] iPadPro105, [0000019C4B159200][0000019C4BBFD640 49] iPadPro129, [0000019C4B13F000][0000019C4BA017C0 49] iPadPro97, [0000019C4B159300][0000019C4BA09940 49] iPadPro2_129, [0000019C4B13E900][0000019C4BA0DAC0 49] iPad5, [0000019C4B158C00][0000019C4BA100C0 49] iPad6, [0000019C4B13ED00][0000019C4BA18240 49] iPad7, [0000019C4B15BC00][0000019C4C2443C0 49] iPad8, [0000019C4B13E700][0000019C4C274540 49] iPadPro11, [0000019C4B159D00][0000019C4C2786C0 49] iPadPro2_11, [0000019C4B13CD00][0000019C4BA6E840 49] iPadPro3_129, [0000019C4B15AE00][0000019C4BA729C0 49] iPadPro4_129, [0000019C4B13EC00][0000019C4BA76B40 49] AppleTV, [0000019C4B15AD00][0000019C4BA86CC0 49] AppleTV4K, [0000019C4B13E600][0000019C4BBE8E00 49] TVOS, [0000019C4B158100][0000019C4BA8AF40 49] Mac, [0000019C4B13E500][0000019C4C271080 49] MacClient, [0000019C4B158200][0000019C4BA151C0 49] MacNoEditor, [0000019C4B13D000][0000019C43515340 49] MacServer, [0000019C4B159500][0000019C4BA054C0 49] Linux, [0000019C4B13CC00][0000019C43A9F640 49] LinuxAArch64, [0000019C4B159600][0000019C43AA37C0 49] LinuxNoEditor, [0000019C4B13F500][0000019C43AA7940 49] LinuxAArch64NoEditor, [0000019C4B159100][0000019C4C293AC0 49] LinuxClient, [0000019C4B13CF00][0000019C4C2960C0 49] LinuxAArch64Client, [0000019C4B158500][0000019C4C29A240 49] LinuxServer, [0000019C4B13EB00][0000019C4C29E3C0 49] LinuxAArch64Server, [0000019C4B158800][0000019C4C2A2540 49] Android, [0000019C4B13C500][0000019C4C2A66C0 49] Android_Low, [0000019C4B15AF00][0000019C4C2AA840 49] Android_Mid, [0000019C4B13FB00][0000019C4C2AE9C0 49] Android_High, [0000019C4B15A200][0000019C4C2B2B40 49] Android_Default, [0000019C4B13FA00][0000019C4C2B6CC0 49] Android_Adreno4xx, [0000019C4B15BA00][0000019C4C2BAE40 49] Android_Adreno5xx_Low, [0000019C4B13E100][0000019C43510F80 49] Android_Adreno5xx, [0000019C4B15B200][0000019C4BAB10C0 49] Android_Adreno6xx, [0000019C4B13D500][0000019C4BAB5200 49] Android_Adreno6xx_Vulkan, [0000019C4B15B500][0000019C4BAB9340 49] Android_Mali_T6xx, [0000019C4B13C100][0000019C4BAC14C0 49] Android_Mali_T7xx, [0000019C4B158A00][0000019C4BAC5640 49] Android_Mali_T8xx, [0000019C4B13F600][0000019C4BAC97C0 49] Android_Mali_G71, [0000019C4B4FC700][0000019C4BACD940 49] Android_Mali_G72, [0000019C4B32F900][0000019C4BAD1AC0 49] Android_Mali_G72_Vulkan, [0000019C4B4FDA00][0000019C4BAD40C0 49] Android_Mali_G76, [0000019C4B32EB00][0000019C4BAD8240 49] Android_Mali_G76_Vulkan, [0000019C4B4FE000][0000019C4BADC3C0 49] Android_Mali_G77, [0000019C4B32EF00][0000019C4BAE0540 49] Android_Mali_G77_Vulkan, [0000019C4B4FFC00][0000019C4BAE46C0 49] Android_Mali_G78, [0000019C4B32C500][0000019C4BAE8840 49] Android_Mali_G78_Vulkan, [0000019C4B4FE800][0000019C4BAEC9C0 49] Android_Mali_G710, [0000019C4B32FF00][0000019C4BAF0B40 49] Android_Mali_G710_Vulkan, [0000019C4B4FE300][0000019C4BAF4CC0 49] Android_Vulkan_SM5, [0000019C4B32E700][0000019C4BAF8E40 49] Android_PowerVR_G6xxx, [0000019C4B4FCB00][0000019C4BAFCFC0 49] Android_PowerVR_GT7xxx, [0000019C4B32E500][0000019C4BB01140 49] Android_PowerVR_GE8xxx, [0000019C4B4FD200][0000019C4BABD280 49] Android_PowerVR_GM9xxx, [0000019C4B32C200][0000019C4BB053C0 49] Android_PowerVR_GM9xxx_Vulkan, [0000019C4B4FE700][0000019C4BB09500 49] Android_TegraK1, [0000019C4B32F200][0000019C4BB11680 49] Android_Unknown_Vulkan, [0000019C4B4FF800][0000019C4BB15800 49] Lumin, [0000019C4B32F000][0000019C4BB19980 49] Lumin_Desktop, [0000019C4B4FE200][0000019C4BB1DB00 49] HoloLens, 
[2023.10.10-07.14.15:232][  0]LogMeshReduction: Using QuadricMeshReduction for automatic static mesh reduction
[2023.10.10-07.14.15:232][  0]LogMeshReduction: Using SimplygonMeshReduction for automatic skeletal mesh reduction
[2023.10.10-07.14.15:232][  0]LogMeshReduction: Using ProxyLODMeshReduction for automatic mesh merging
[2023.10.10-07.14.15:232][  0]LogMeshReduction: No distributed automatic mesh merging module available
[2023.10.10-07.14.15:232][  0]LogMeshMerging: No distributed automatic mesh merging module available
[2023.10.10-07.14.15:242][  0]LogNetVersion: DragonDefender_V1 1.0.0, NetCL: 17155196, EngineNetVer: 17, GameNetVer: 0 (Checksum: 25594887)
[2023.10.10-07.14.15:498][  0]LogTexture: Default maximum texture size for cubemaps generated from long-lat sources has been changed from 512 to unlimited. In order to preserve old behaiour for '/Engine/MapTemplates/Sky/DaylightAmbientCubemap.DaylightAmbientCubemap', its maximum texture size has been explicitly set to 512.
[2023.10.10-07.14.15:534][  0]LogHMD: PokeAHoleMaterial loaded successfully
[2023.10.10-07.14.15:538][  0]LogUObjectArray: 17178 objects as part of root set at end of initial load.
[2023.10.10-07.14.15:538][  0]LogUObjectAllocator: 4302048 out of 0 bytes used by permanent object pool.
[2023.10.10-07.14.15:538][  0]LogUObjectArray: CloseDisregardForGC: 0/0 objects in disregard for GC pool
[2023.10.10-07.14.15:700][  0]LogNiagaraDebuggerClient: Niagara Debugger Client Initialized | Session: DF33C7D6425A79F0BF453B833302D4FB | Instance: 71ED0E9543A8C72343BBA3AFF95A2A7A (LAB308-01-2872).
[2023.10.10-07.14.15:776][  0]LogTcpMessaging: Initializing TcpMessaging bridge
[2023.10.10-07.14.15:778][  0]LogUdpMessaging: Initializing bridge on interface 0.0.0.0:0 to multicast group 230.0.0.1:6666.
[2023.10.10-07.14.15:792][  0]LogPython: Using Python 3.7.7
[2023.10.10-07.14.16:237][  0]SourceControl: Source control is disabled
[2023.10.10-07.14.16:237][  0]SourceControl: Source control is disabled
[2023.10.10-07.14.16:240][  0]SourceControl: Source control is disabled
[2023.10.10-07.14.16:242][  0]SourceControl: Source control is disabled
[2023.10.10-07.14.16:247][  0]SourceControl: Source control is disabled
[2023.10.10-07.14.16:249][  0]LogUProjectInfo: Found projects:
[2023.10.10-07.14.16:255][  0]LogVSAccessor: Display: Unable to create Visual Studio setup instance: 80040154
[2023.10.10-07.14.16:255][  0]LogVSAccessor: Display: Unable to create Visual Studio setup instance: 80040154
[2023.10.10-07.14.16:256][  0]LogVSAccessor: Display: Unable to create Visual Studio setup instance: 80040154
[2023.10.10-07.14.16:373][  0]LogAndroidPermission: UAndroidPermissionCallbackProxy::GetInstance
[2023.10.10-07.14.16:391][  0]LogAudioCaptureCore: Display: No Audio Capture implementations found. Audio input will be silent.
[2023.10.10-07.14.16:391][  0]LogAudioCaptureCore: Display: No Audio Capture implementations found. Audio input will be silent.
[2023.10.10-07.14.16:420][  0]LogOpenImageDenoise: OIDN starting up
[2023.10.10-07.14.16:483][  0]LogCollectionManager: Loaded 0 collections in 0.001101 seconds
[2023.10.10-07.14.16:498][  0]LogFileCache: Scanning file cache for directory 'C:/Users/LAB308_17/Desktop/DragonDefender_V1/DragonDefender_V1/Saved/Collections/' took 0.00s
[2023.10.10-07.14.16:498][  0]LogFileCache: Scanning file cache for directory 'C:/Users/LAB308_17/Desktop/DragonDefender_V1/DragonDefender_V1/Content/Developers/LAB30801/Collections/' took 0.00s
[2023.10.10-07.14.16:498][  0]LogFileCache: Scanning file cache for directory 'C:/Users/LAB308_17/Desktop/DragonDefender_V1/DragonDefender_V1/Content/Collections/' took 0.00s
[2023.10.10-07.14.16:498][  0]LogOcInput: OculusInput pre-init called
[2023.10.10-07.14.16:651][  0]LogEngine: Initializing Engine...
[2023.10.10-07.14.16:652][  0]LogHMD: Failed to enumerate extensions. Please check that you have a valid OpenXR runtime installed.
[2023.10.10-07.14.16:652][  0]LogHMD: Failed to initialize OpenVR with code 110
[2023.10.10-07.14.16:652][  0]LogMagicLeap: Warning: VR disabled because ZI is not enabled.  To enable, in the editor, Edit -> Project Settings -> Plugins -> Magic Leap Plugin -> Enable Zero Iteration
[2023.10.10-07.14.16:653][  0]LogStats: UGameplayTagsManager::InitializeManager -  0.000 s
[2023.10.10-07.14.16:745][  0]LogInit: Initializing FReadOnlyCVARCache
[2023.10.10-07.14.16:754][  0]LogAIModule: Creating AISystem for world Untitled
[2023.10.10-07.14.16:754][  0]LogAudio: Display: Initializing Audio Device Manager...
[2023.10.10-07.14.16:756][  0]LogAudio: Display: Loading Default Audio Settings Objects...
[2023.10.10-07.14.16:756][  0]LogAudio: Display: No default SoundConcurrencyObject specified (or failed to load).
[2023.10.10-07.14.16:756][  0]LogAudio: Display: Audio Device Manager Initialized
[2023.10.10-07.14.16:756][  0]LogAudio: Display: Creating Audio Device:                 Id: 1, Scope: Shared, Realtime: True
[2023.10.10-07.14.16:756][  0]LogAudioMixer: Display: Audio Mixer Platform Settings:
[2023.10.10-07.14.16:756][  0]LogAudioMixer: Display: 	Sample Rate:						  48000
[2023.10.10-07.14.16:756][  0]LogAudioMixer: Display: 	Callback Buffer Frame Size Requested: 1024
[2023.10.10-07.14.16:756][  0]LogAudioMixer: Display: 	Callback Buffer Frame Size To Use:	  1024
[2023.10.10-07.14.16:756][  0]LogAudioMixer: Display: 	Number of buffers to queue:			  2
[2023.10.10-07.14.16:756][  0]LogAudioMixer: Display: 	Max Channels (voices):				  32
[2023.10.10-07.14.16:756][  0]LogAudioMixer: Display: 	Number of Async Source Workers:		  0
[2023.10.10-07.14.16:756][  0]LogAudio: Display: AudioDevice MaxSources: 32
[2023.10.10-07.14.16:757][  0]LogAudio: Display: Audio Spatialization Plugin: None (built-in).
[2023.10.10-07.14.16:757][  0]LogAudio: Display: Audio Reverb Plugin: None (built-in).
[2023.10.10-07.14.16:757][  0]LogAudio: Display: Audio Occlusion Plugin: None (built-in).
[2023.10.10-07.14.16:757][  0]LogAudioMixer: Display: Initializing audio mixer.
[2023.10.10-07.14.16:762][  0]LogAudioMixer: Display: 0: FrontLeft
[2023.10.10-07.14.16:762][  0]LogAudioMixer: Display: 1: FrontRight
[2023.10.10-07.14.16:795][  0]LogAudioMixer: Display: Using Audio Device LG FULL HD (NVIDIA High Definition Audio)
[2023.10.10-07.14.16:797][  0]LogAudioMixer: Display: Initializing Sound Submixes...
[2023.10.10-07.14.16:798][  0]LogAudioMixer: Display: Creating Master Submix 'MasterSubmixDefault'
[2023.10.10-07.14.16:798][  0]LogAudioMixer: Display: Creating Master Submix 'MasterReverbSubmixDefault'
[2023.10.10-07.14.16:799][  0]LogAudioMixer: Display: Creating Master Submix 'MasterEQSubmixDefault'
[2023.10.10-07.14.16:799][  0]LogAudioMixer: FMixerPlatformXAudio2::StartAudioStream() called
[2023.10.10-07.14.16:799][  0]LogAudioMixer: Display: Output buffers initialized: Frames=1024, Channels=2, Samples=2048
[2023.10.10-07.14.16:799][  0]LogAudioMixer: Display: Starting AudioMixerPlatformInterface::RunInternal()
[2023.10.10-07.14.16:799][  0]LogAudioMixer: Display: FMixerPlatformXAudio2::SubmitBuffer() called for the first time
[2023.10.10-07.14.16:799][  0]LogInit: FAudioDevice initialized.
[2023.10.10-07.14.16:800][  0]LogAudio: Display: Audio Device (ID: 1) registered with world 'Untitled'.
[2023.10.10-07.14.16:800][  0]LogNetVersion: Set ProjectVersion to 1.0.0.0. Version Checksum will be recalculated on next use.
[2023.10.10-07.14.16:871][  0]LogDerivedDataCache: Saved boot cache 0.07s 94MB C:/Users/LAB308_17/AppData/Local/UnrealEngine/4.27/DerivedDataCache/Boot.ddc.
[2023.10.10-07.14.16:872][  0]LogInit: Texture streaming: Enabled
[2023.10.10-07.14.16:880][  0]LogAnalytics: Display: [UEEditor.Rocket.Release] APIServer = https://datarouter.ol.epicgames.com/. AppVersion = 4.27.2-18319896+++UE4+Release-4.27
[2023.10.10-07.14.16:882][  0]LogEngineSessionManager: EngineSessionManager initialized
[2023.10.10-07.14.16:882][  0]LogEditorSessionSummary: Verbose: Initializing EditorSessionSummaryWriter for editor session tracking
[2023.10.10-07.14.16:883][  0]LogEditorSessionSummary: EditorSessionSummaryWriter initialized
[2023.10.10-07.14.16:896][  0]LogInit: Transaction tracking system initialized
[2023.10.10-07.14.16:909][  0]BlueprintLog: New page: Editor Load
[2023.10.10-07.14.16:942][  0]LocalizationService: Localization service is disabled
[2023.10.10-07.14.16:954][  0]TimingProfiler: Initialize
[2023.10.10-07.14.16:954][  0]TimingProfiler: OnSessionChanged
[2023.10.10-07.14.16:954][  0]LoadingProfiler: Initialize
[2023.10.10-07.14.16:954][  0]LoadingProfiler: OnSessionChanged
[2023.10.10-07.14.16:954][  0]NetworkingProfiler: Initialize
[2023.10.10-07.14.16:954][  0]NetworkingProfiler: OnSessionChanged
[2023.10.10-07.14.16:954][  0]MemoryProfiler: Initialize
[2023.10.10-07.14.16:955][  0]MemoryProfiler: OnSessionChanged
[2023.10.10-07.14.16:987][  0]LogVSAccessor: Display: Unable to create Visual Studio setup instance: 80040154
[2023.10.10-07.14.16:987][  0]LogVSAccessor: Display: Unable to create Visual Studio setup instance: 80040154
[2023.10.10-07.14.16:987][  0]LogVSAccessor: Display: Unable to create Visual Studio setup instance: 80040154
[2023.10.10-07.14.17:042][  0]LogCook: Display: CookSettings for Memory: MemoryMaxUsedVirtual 0MiB, MemoryMaxUsedPhysical 16384MiB, MemoryMinFreeVirtual 0MiB, MemoryMinFreePhysical 1024MiB
[2023.10.10-07.14.17:042][  0]LogCook: Display: Mobile HDR setting 1
[2023.10.10-07.14.17:157][  0]LogFileCache: Scanning file cache for directory 'C:/Users/LAB308_17/Desktop/DragonDefender_V1/DragonDefender_V1/Content/' took 0.00s
[2023.10.10-07.14.17:277][  0]LogInit: Display: Engine is initialized. Leaving FEngineLoop::Init()
[2023.10.10-07.14.17:278][  0]SourceControl: Source control is disabled
[2023.10.10-07.14.17:278][  0]LogUnrealEdMisc: Loading editor; pre map load, took 4.544
[2023.10.10-07.14.17:278][  0]Cmd: MAP LOAD FILE="../../../../../../Users/LAB308_17/Desktop/DragonDefender_V1/DragonDefender_V1/Content/ThirdPersonBP/Maps/ThirdPersonExampleMap.umap" TEMPLATE=0 SHOWPROGRESS=1 FEATURELEVEL=3
[2023.10.10-07.14.17:278][  0]LightingResults: New page: Lighting Build
[2023.10.10-07.14.17:279][  0]LogWorld: UWorld::CleanupWorld for Untitled, bSessionEnded=true, bCleanupResources=true
[2023.10.10-07.14.17:279][  0]LogSlate: InvalidateAllWidgets triggered.  All widgets were invalidated
[2023.10.10-07.14.17:279][  0]MapCheck: New page: Map Check
[2023.10.10-07.14.17:279][  0]LightingResults: New page: Lighting Build
[2023.10.10-07.14.17:292][  0]LogAudio: Display: Audio Device unregistered from world 'None'.
[2023.10.10-07.14.17:294][  0]LogUObjectHash: Compacting FUObjectHashTables data took   0.74ms
[2023.10.10-07.14.17:476][  0]LogAudio: Display: Audio Device (ID: 1) registered with world 'ThirdPersonExampleMap'.
[2023.10.10-07.14.17:477][  0]LogAIModule: Creating AISystem for world ThirdPersonExampleMap
[2023.10.10-07.14.17:481][  0]LogEditorServer: Finished looking for orphan Actors (0.000 secs)
[2023.10.10-07.14.17:487][  0]LogUObjectHash: Compacting FUObjectHashTables data took   0.69ms
[2023.10.10-07.14.17:487][  0]Cmd: MAP CHECKDEP NOCLEARLOG
[2023.10.10-07.14.17:487][  0]MapCheck: Map check complete: 0 Error(s), 0 Warning(s), took 0.071ms to complete.
[2023.10.10-07.14.17:487][  0]LogFileHelpers: Loading map 'ThirdPersonExampleMap' took 0.209
[2023.10.10-07.14.17:489][  0]LogUnrealEdMisc: Total Editor Startup Time, took 4.754
[2023.10.10-07.14.17:600][  0]LogSlate: Updating window title bar state: overlay mode, drag disabled, window buttons hidden, title bar hidden
[2023.10.10-07.14.17:605][  0]LogSlate: Updating window title bar state: overlay mode, drag disabled, window buttons hidden, title bar hidden
[2023.10.10-07.14.17:609][  0]LogSlate: Updating window title bar state: overlay mode, drag disabled, window buttons hidden, title bar hidden
[2023.10.10-07.14.17:613][  0]LogSlate: Updating window title bar state: overlay mode, drag disabled, window buttons hidden, title bar hidden
[2023.10.10-07.14.17:623][  0]LogNativeClassHierarchy: Verbose: Native class hierarchy populated in 0.0068 seconds. Added 3822 classes and 928 folders.
[2023.10.10-07.14.17:624][  0]LogNativeClassHierarchy: Verbose: Native class hierarchy updated for 'WidgetCarousel' in 0.0002 seconds. Added 0 classes and 0 folders.
[2023.10.10-07.14.17:625][  0]LogPakFile: PakFile PrimaryIndexSize=187
[2023.10.10-07.14.17:625][  0]LogPakFile: PakFile PathHashIndexSize=101
[2023.10.10-07.14.17:625][  0]LogPakFile: PakFile FullDirectoryIndexSize=148
[2023.10.10-07.14.17:625][  0]LogShaderLibrary: Display: ShaderCodeLibraryPakFileMountedCallback: PakFile 'C:/Program Files/Epic Games/UE_4.27/FeaturePacks/FP_FirstPerson.upack' (chunk index -1, root 'root:/') mounted
[2023.10.10-07.14.17:625][  0]LogShaderLibrary: Display: ShaderCodeLibraryPakFileMountedCallback: pending pak file info (ChunkID:-1 Root:root:/ File:C:/Program Files/Epic Games/UE_4.27/FeaturePacks/FP_FirstPerson.upack)
[2023.10.10-07.14.17:625][  0]LogPakFile: OnPakFileMounted2Time == 0.000040
[2023.10.10-07.14.17:625][  0]LogPakFile: PakFile PrimaryIndexSize=189
[2023.10.10-07.14.17:625][  0]LogPakFile: PakFile PathHashIndexSize=101
[2023.10.10-07.14.17:625][  0]LogPakFile: PakFile FullDirectoryIndexSize=152
[2023.10.10-07.14.17:625][  0]LogShaderLibrary: Display: ShaderCodeLibraryPakFileMountedCallback: PakFile 'C:/Program Files/Epic Games/UE_4.27/FeaturePacks/FP_FirstPersonBP.upack' (chunk index -1, root 'root:/') mounted
[2023.10.10-07.14.17:625][  0]LogShaderLibrary: Display: ShaderCodeLibraryPakFileMountedCallback: pending pak file info (ChunkID:-1 Root:root:/ File:C:/Program Files/Epic Games/UE_4.27/FeaturePacks/FP_FirstPersonBP.upack)
[2023.10.10-07.14.17:625][  0]LogPakFile: OnPakFileMounted2Time == 0.000028
[2023.10.10-07.14.17:626][  0]LogPakFile: PakFile PrimaryIndexSize=191
[2023.10.10-07.14.17:626][  0]LogPakFile: PakFile PathHashIndexSize=101
[2023.10.10-07.14.17:626][  0]LogPakFile: PakFile FullDirectoryIndexSize=160
[2023.10.10-07.14.17:626][  0]LogShaderLibrary: Display: ShaderCodeLibraryPakFileMountedCallback: PakFile 'C:/Program Files/Epic Games/UE_4.27/FeaturePacks/MobileStarterContent.upack' (chunk index -1, root 'root:/') mounted
[2023.10.10-07.14.17:626][  0]LogShaderLibrary: Display: ShaderCodeLibraryPakFileMountedCallback: pending pak file info (ChunkID:-1 Root:root:/ File:C:/Program Files/Epic Games/UE_4.27/FeaturePacks/MobileStarterContent.upack)
[2023.10.10-07.14.17:626][  0]LogPakFile: OnPakFileMounted2Time == 0.000025
[2023.10.10-07.14.17:626][  0]LogPakFile: PakFile PrimaryIndexSize=185
[2023.10.10-07.14.17:626][  0]LogPakFile: PakFile PathHashIndexSize=101
[2023.10.10-07.14.17:626][  0]LogPakFile: PakFile FullDirectoryIndexSize=148
[2023.10.10-07.14.17:626][  0]LogShaderLibrary: Display: ShaderCodeLibraryPakFileMountedCallback: PakFile 'C:/Program Files/Epic Games/UE_4.27/FeaturePacks/StarterContent.upack' (chunk index -1, root 'root:/') mounted
[2023.10.10-07.14.17:626][  0]LogShaderLibrary: Display: ShaderCodeLibraryPakFileMountedCallback: pending pak file info (ChunkID:-1 Root:root:/ File:C:/Program Files/Epic Games/UE_4.27/FeaturePacks/StarterContent.upack)
[2023.10.10-07.14.17:626][  0]LogPakFile: OnPakFileMounted2Time == 0.000026
[2023.10.10-07.14.17:626][  0]LogPakFile: PakFile PrimaryIndexSize=190
[2023.10.10-07.14.17:626][  0]LogPakFile: PakFile PathHashIndexSize=101
[2023.10.10-07.14.17:626][  0]LogPakFile: PakFile FullDirectoryIndexSize=154
[2023.10.10-07.14.17:626][  0]LogShaderLibrary: Display: ShaderCodeLibraryPakFileMountedCallback: PakFile 'C:/Program Files/Epic Games/UE_4.27/FeaturePacks/TP_2DSideScroller.upack' (chunk index -1, root 'root:/') mounted
[2023.10.10-07.14.17:626][  0]LogShaderLibrary: Display: ShaderCodeLibraryPakFileMountedCallback: pending pak file info (ChunkID:-1 Root:root:/ File:C:/Program Files/Epic Games/UE_4.27/FeaturePacks/TP_2DSideScroller.upack)
[2023.10.10-07.14.17:626][  0]LogPakFile: OnPakFileMounted2Time == 0.000025
[2023.10.10-07.14.17:627][  0]LogPakFile: PakFile PrimaryIndexSize=192
[2023.10.10-07.14.17:627][  0]LogPakFile: PakFile PathHashIndexSize=101
[2023.10.10-07.14.17:627][  0]LogPakFile: PakFile FullDirectoryIndexSize=158
[2023.10.10-07.14.17:627][  0]LogShaderLibrary: Display: ShaderCodeLibraryPakFileMountedCallback: PakFile 'C:/Program Files/Epic Games/UE_4.27/FeaturePacks/TP_2DSideScrollerBP.upack' (chunk index -1, root 'root:/') mounted
[2023.10.10-07.14.17:627][  0]LogShaderLibrary: Display: ShaderCodeLibraryPakFileMountedCallback: pending pak file info (ChunkID:-1 Root:root:/ File:C:/Program Files/Epic Games/UE_4.27/FeaturePacks/TP_2DSideScrollerBP.upack)
[2023.10.10-07.14.17:627][  0]LogPakFile: OnPakFileMounted2Time == 0.000025
[2023.10.10-07.14.17:627][  0]LogPakFile: PakFile PrimaryIndexSize=182
[2023.10.10-07.14.17:627][  0]LogPakFile: PakFile PathHashIndexSize=101
[2023.10.10-07.14.17:627][  0]LogPakFile: PakFile FullDirectoryIndexSize=138
[2023.10.10-07.14.17:627][  0]LogShaderLibrary: Display: ShaderCodeLibraryPakFileMountedCallback: PakFile 'C:/Program Files/Epic Games/UE_4.27/FeaturePacks/TP_Flying.upack' (chunk index -1, root 'root:/') mounted
[2023.10.10-07.14.17:627][  0]LogShaderLibrary: Display: ShaderCodeLibraryPakFileMountedCallback: pending pak file info (ChunkID:-1 Root:root:/ File:C:/Program Files/Epic Games/UE_4.27/FeaturePacks/TP_Flying.upack)
[2023.10.10-07.14.17:627][  0]LogPakFile: OnPakFileMounted2Time == 0.000025
[2023.10.10-07.14.17:628][  0]LogPakFile: PakFile PrimaryIndexSize=184
[2023.10.10-07.14.17:628][  0]LogPakFile: PakFile PathHashIndexSize=101
[2023.10.10-07.14.17:628][  0]LogPakFile: PakFile FullDirectoryIndexSize=142
[2023.10.10-07.14.17:628][  0]LogShaderLibrary: Display: ShaderCodeLibraryPakFileMountedCallback: PakFile 'C:/Program Files/Epic Games/UE_4.27/FeaturePacks/TP_FlyingBP.upack' (chunk index -1, root 'root:/') mounted
[2023.10.10-07.14.17:628][  0]LogShaderLibrary: Display: ShaderCodeLibraryPakFileMountedCallback: pending pak file info (ChunkID:-1 Root:root:/ File:C:/Program Files/Epic Games/UE_4.27/FeaturePacks/TP_FlyingBP.upack)
[2023.10.10-07.14.17:628][  0]LogPakFile: OnPakFileMounted2Time == 0.000024
[2023.10.10-07.14.17:628][  0]LogPakFile: PakFile PrimaryIndexSize=188
[2023.10.10-07.14.17:628][  0]LogPakFile: PakFile PathHashIndexSize=101
[2023.10.10-07.14.17:628][  0]LogPakFile: PakFile FullDirectoryIndexSize=150
[2023.10.10-07.14.17:628][  0]LogShaderLibrary: Display: ShaderCodeLibraryPakFileMountedCallback: PakFile 'C:/Program Files/Epic Games/UE_4.27/FeaturePacks/TP_HandheldARBP.upack' (chunk index -1, root 'root:/') mounted
[2023.10.10-07.14.17:628][  0]LogShaderLibrary: Display: ShaderCodeLibraryPakFileMountedCallback: pending pak file info (ChunkID:-1 Root:root:/ File:C:/Program Files/Epic Games/UE_4.27/FeaturePacks/TP_HandheldARBP.upack)
[2023.10.10-07.14.17:628][  0]LogPakFile: OnPakFileMounted2Time == 0.000024
[2023.10.10-07.14.17:628][  0]LogPakFile: PakFile PrimaryIndexSize=182
[2023.10.10-07.14.17:628][  0]LogPakFile: PakFile PathHashIndexSize=101
[2023.10.10-07.14.17:628][  0]LogPakFile: PakFile FullDirectoryIndexSize=138
[2023.10.10-07.14.17:628][  0]LogShaderLibrary: Display: ShaderCodeLibraryPakFileMountedCallback: PakFile 'C:/Program Files/Epic Games/UE_4.27/FeaturePacks/TP_Puzzle.upack' (chunk index -1, root 'root:/') mounted
[2023.10.10-07.14.17:628][  0]LogShaderLibrary: Display: ShaderCodeLibraryPakFileMountedCallback: pending pak file info (ChunkID:-1 Root:root:/ File:C:/Program Files/Epic Games/UE_4.27/FeaturePacks/TP_Puzzle.upack)
[2023.10.10-07.14.17:628][  0]LogPakFile: OnPakFileMounted2Time == 0.000025
[2023.10.10-07.14.17:629][  0]LogPakFile: PakFile PrimaryIndexSize=184
[2023.10.10-07.14.17:629][  0]LogPakFile: PakFile PathHashIndexSize=101
[2023.10.10-07.14.17:629][  0]LogPakFile: PakFile FullDirectoryIndexSize=142
[2023.10.10-07.14.17:629][  0]LogShaderLibrary: Display: ShaderCodeLibraryPakFileMountedCallback: PakFile 'C:/Program Files/Epic Games/UE_4.27/FeaturePacks/TP_PuzzleBP.upack' (chunk index -1, root 'root:/') mounted
[2023.10.10-07.14.17:629][  0]LogShaderLibrary: Display: ShaderCodeLibraryPakFileMountedCallback: pending pak file info (ChunkID:-1 Root:root:/ File:C:/Program Files/Epic Games/UE_4.27/FeaturePacks/TP_PuzzleBP.upack)
[2023.10.10-07.14.17:629][  0]LogPakFile: OnPakFileMounted2Time == 0.000024
[2023.10.10-07.14.17:629][  0]LogPakFile: PakFile PrimaryIndexSize=183
[2023.10.10-07.14.17:629][  0]LogPakFile: PakFile PathHashIndexSize=101
[2023.10.10-07.14.17:629][  0]LogPakFile: PakFile FullDirectoryIndexSize=140
[2023.10.10-07.14.17:629][  0]LogShaderLibrary: Display: ShaderCodeLibraryPakFileMountedCallback: PakFile 'C:/Program Files/Epic Games/UE_4.27/FeaturePacks/TP_Rolling.upack' (chunk index -1, root 'root:/') mounted
[2023.10.10-07.14.17:629][  0]LogShaderLibrary: Display: ShaderCodeLibraryPakFileMountedCallback: pending pak file info (ChunkID:-1 Root:root:/ File:C:/Program Files/Epic Games/UE_4.27/FeaturePacks/TP_Rolling.upack)
[2023.10.10-07.14.17:629][  0]LogPakFile: OnPakFileMounted2Time == 0.000024
[2023.10.10-07.14.17:629][  0]LogPakFile: PakFile PrimaryIndexSize=185
[2023.10.10-07.14.17:629][  0]LogPakFile: PakFile PathHashIndexSize=101
[2023.10.10-07.14.17:629][  0]LogPakFile: PakFile FullDirectoryIndexSize=144
[2023.10.10-07.14.17:630][  0]LogShaderLibrary: Display: ShaderCodeLibraryPakFileMountedCallback: PakFile 'C:/Program Files/Epic Games/UE_4.27/FeaturePacks/TP_RollingBP.upack' (chunk index -1, root 'root:/') mounted
[2023.10.10-07.14.17:630][  0]LogShaderLibrary: Display: ShaderCodeLibraryPakFileMountedCallback: pending pak file info (ChunkID:-1 Root:root:/ File:C:/Program Files/Epic Games/UE_4.27/FeaturePacks/TP_RollingBP.upack)
[2023.10.10-07.14.17:630][  0]LogPakFile: OnPakFileMounted2Time == 0.000026
[2023.10.10-07.14.17:630][  0]LogPakFile: PakFile PrimaryIndexSize=188
[2023.10.10-07.14.17:630][  0]LogPakFile: PakFile PathHashIndexSize=101
[2023.10.10-07.14.17:630][  0]LogPakFile: PakFile FullDirectoryIndexSize=150
[2023.10.10-07.14.17:630][  0]LogShaderLibrary: Display: ShaderCodeLibraryPakFileMountedCallback: PakFile 'C:/Program Files/Epic Games/UE_4.27/FeaturePacks/TP_SideScroller.upack' (chunk index -1, root 'root:/') mounted
[2023.10.10-07.14.17:630][  0]LogShaderLibrary: Display: ShaderCodeLibraryPakFileMountedCallback: pending pak file info (ChunkID:-1 Root:root:/ File:C:/Program Files/Epic Games/UE_4.27/FeaturePacks/TP_SideScroller.upack)
[2023.10.10-07.14.17:630][  0]LogPakFile: OnPakFileMounted2Time == 0.000030
[2023.10.10-07.14.17:630][  0]LogPakFile: PakFile PrimaryIndexSize=190
[2023.10.10-07.14.17:630][  0]LogPakFile: PakFile PathHashIndexSize=101
[2023.10.10-07.14.17:630][  0]LogPakFile: PakFile FullDirectoryIndexSize=154
[2023.10.10-07.14.17:630][  0]LogShaderLibrary: Display: ShaderCodeLibraryPakFileMountedCallback: PakFile 'C:/Program Files/Epic Games/UE_4.27/FeaturePacks/TP_SideScrollerBP.upack' (chunk index -1, root 'root:/') mounted
[2023.10.10-07.14.17:630][  0]LogShaderLibrary: Display: ShaderCodeLibraryPakFileMountedCallback: pending pak file info (ChunkID:-1 Root:root:/ File:C:/Program Files/Epic Games/UE_4.27/FeaturePacks/TP_SideScrollerBP.upack)
[2023.10.10-07.14.17:630][  0]LogPakFile: OnPakFileMounted2Time == 0.000027
[2023.10.10-07.14.17:631][  0]LogPakFile: PakFile PrimaryIndexSize=187
[2023.10.10-07.14.17:631][  0]LogPakFile: PakFile PathHashIndexSize=101
[2023.10.10-07.14.17:631][  0]LogPakFile: PakFile FullDirectoryIndexSize=148
[2023.10.10-07.14.17:631][  0]LogShaderLibrary: Display: ShaderCodeLibraryPakFileMountedCallback: PakFile 'C:/Program Files/Epic Games/UE_4.27/FeaturePacks/TP_ThirdPerson.upack' (chunk index -1, root 'root:/') mounted
[2023.10.10-07.14.17:631][  0]LogShaderLibrary: Display: ShaderCodeLibraryPakFileMountedCallback: pending pak file info (ChunkID:-1 Root:root:/ File:C:/Program Files/Epic Games/UE_4.27/FeaturePacks/TP_ThirdPerson.upack)
[2023.10.10-07.14.17:631][  0]LogPakFile: OnPakFileMounted2Time == 0.000024
[2023.10.10-07.14.17:631][  0]LogPakFile: PakFile PrimaryIndexSize=189
[2023.10.10-07.14.17:631][  0]LogPakFile: PakFile PathHashIndexSize=101
[2023.10.10-07.14.17:631][  0]LogPakFile: PakFile FullDirectoryIndexSize=152
[2023.10.10-07.14.17:631][  0]LogShaderLibrary: Display: ShaderCodeLibraryPakFileMountedCallback: PakFile 'C:/Program Files/Epic Games/UE_4.27/FeaturePacks/TP_ThirdPersonBP.upack' (chunk index -1, root 'root:/') mounted
[2023.10.10-07.14.17:631][  0]LogShaderLibrary: Display: ShaderCodeLibraryPakFileMountedCallback: pending pak file info (ChunkID:-1 Root:root:/ File:C:/Program Files/Epic Games/UE_4.27/FeaturePacks/TP_ThirdPersonBP.upack)
[2023.10.10-07.14.17:631][  0]LogPakFile: OnPakFileMounted2Time == 0.000025
[2023.10.10-07.14.17:631][  0]LogPakFile: PakFile PrimaryIndexSize=183
[2023.10.10-07.14.17:631][  0]LogPakFile: PakFile PathHashIndexSize=101
[2023.10.10-07.14.17:631][  0]LogPakFile: PakFile FullDirectoryIndexSize=140
[2023.10.10-07.14.17:631][  0]LogShaderLibrary: Display: ShaderCodeLibraryPakFileMountedCallback: PakFile 'C:/Program Files/Epic Games/UE_4.27/FeaturePacks/TP_TopDown.upack' (chunk index -1, root 'root:/') mounted
[2023.10.10-07.14.17:631][  0]LogShaderLibrary: Display: ShaderCodeLibraryPakFileMountedCallback: pending pak file info (ChunkID:-1 Root:root:/ File:C:/Program Files/Epic Games/UE_4.27/FeaturePacks/TP_TopDown.upack)
[2023.10.10-07.14.17:631][  0]LogPakFile: OnPakFileMounted2Time == 0.000029
[2023.10.10-07.14.17:632][  0]LogPakFile: PakFile PrimaryIndexSize=185
[2023.10.10-07.14.17:632][  0]LogPakFile: PakFile PathHashIndexSize=101
[2023.10.10-07.14.17:632][  0]LogPakFile: PakFile FullDirectoryIndexSize=144
[2023.10.10-07.14.17:632][  0]LogShaderLibrary: Display: ShaderCodeLibraryPakFileMountedCallback: PakFile 'C:/Program Files/Epic Games/UE_4.27/FeaturePacks/TP_TopDownBP.upack' (chunk index -1, root 'root:/') mounted
[2023.10.10-07.14.17:632][  0]LogShaderLibrary: Display: ShaderCodeLibraryPakFileMountedCallback: pending pak file info (ChunkID:-1 Root:root:/ File:C:/Program Files/Epic Games/UE_4.27/FeaturePacks/TP_TopDownBP.upack)
[2023.10.10-07.14.17:632][  0]LogPakFile: OnPakFileMounted2Time == 0.000025
[2023.10.10-07.14.17:632][  0]LogPakFile: PakFile PrimaryIndexSize=185
[2023.10.10-07.14.17:632][  0]LogPakFile: PakFile PathHashIndexSize=101
[2023.10.10-07.14.17:632][  0]LogPakFile: PakFile FullDirectoryIndexSize=144
[2023.10.10-07.14.17:632][  0]LogShaderLibrary: Display: ShaderCodeLibraryPakFileMountedCallback: PakFile 'C:/Program Files/Epic Games/UE_4.27/FeaturePacks/TP_TwinStick.upack' (chunk index -1, root 'root:/') mounted
[2023.10.10-07.14.17:632][  0]LogShaderLibrary: Display: ShaderCodeLibraryPakFileMountedCallback: pending pak file info (ChunkID:-1 Root:root:/ File:C:/Program Files/Epic Games/UE_4.27/FeaturePacks/TP_TwinStick.upack)
[2023.10.10-07.14.17:632][  0]LogPakFile: OnPakFileMounted2Time == 0.000024
[2023.10.10-07.14.17:632][  0]LogPakFile: PakFile PrimaryIndexSize=187
[2023.10.10-07.14.17:632][  0]LogPakFile: PakFile PathHashIndexSize=101
[2023.10.10-07.14.17:632][  0]LogPakFile: PakFile FullDirectoryIndexSize=148
[2023.10.10-07.14.17:632][  0]LogShaderLibrary: Display: ShaderCodeLibraryPakFileMountedCallback: PakFile 'C:/Program Files/Epic Games/UE_4.27/FeaturePacks/TP_TwinStickBP.upack' (chunk index -1, root 'root:/') mounted
[2023.10.10-07.14.17:632][  0]LogShaderLibrary: Display: ShaderCodeLibraryPakFileMountedCallback: pending pak file info (ChunkID:-1 Root:root:/ File:C:/Program Files/Epic Games/UE_4.27/FeaturePacks/TP_TwinStickBP.upack)
[2023.10.10-07.14.17:633][  0]LogPakFile: OnPakFileMounted2Time == 0.000038
[2023.10.10-07.14.17:633][  0]LogPakFile: PakFile PrimaryIndexSize=183
[2023.10.10-07.14.17:633][  0]LogPakFile: PakFile PathHashIndexSize=101
[2023.10.10-07.14.17:633][  0]LogPakFile: PakFile FullDirectoryIndexSize=140
[2023.10.10-07.14.17:633][  0]LogShaderLibrary: Display: ShaderCodeLibraryPakFileMountedCallback: PakFile 'C:/Program Files/Epic Games/UE_4.27/FeaturePacks/TP_Vehicle.upack' (chunk index -1, root 'root:/') mounted
[2023.10.10-07.14.17:633][  0]LogShaderLibrary: Display: ShaderCodeLibraryPakFileMountedCallback: pending pak file info (ChunkID:-1 Root:root:/ File:C:/Program Files/Epic Games/UE_4.27/FeaturePacks/TP_Vehicle.upack)
[2023.10.10-07.14.17:633][  0]LogPakFile: OnPakFileMounted2Time == 0.000026
[2023.10.10-07.14.17:633][  0]LogPakFile: PakFile PrimaryIndexSize=186
[2023.10.10-07.14.17:633][  0]LogPakFile: PakFile PathHashIndexSize=101
[2023.10.10-07.14.17:633][  0]LogPakFile: PakFile FullDirectoryIndexSize=146
[2023.10.10-07.14.17:633][  0]LogShaderLibrary: Display: ShaderCodeLibraryPakFileMountedCallback: PakFile 'C:/Program Files/Epic Games/UE_4.27/FeaturePacks/TP_VehicleAdv.upack' (chunk index -1, root 'root:/') mounted
[2023.10.10-07.14.17:633][  0]LogShaderLibrary: Display: ShaderCodeLibraryPakFileMountedCallback: pending pak file info (ChunkID:-1 Root:root:/ File:C:/Program Files/Epic Games/UE_4.27/FeaturePacks/TP_VehicleAdv.upack)
[2023.10.10-07.14.17:633][  0]LogPakFile: OnPakFileMounted2Time == 0.000025
[2023.10.10-07.14.17:634][  0]LogPakFile: PakFile PrimaryIndexSize=188
[2023.10.10-07.14.17:634][  0]LogPakFile: PakFile PathHashIndexSize=101
[2023.10.10-07.14.17:634][  0]LogPakFile: PakFile FullDirectoryIndexSize=150
[2023.10.10-07.14.17:634][  0]LogShaderLibrary: Display: ShaderCodeLibraryPakFileMountedCallback: PakFile 'C:/Program Files/Epic Games/UE_4.27/FeaturePacks/TP_VehicleAdvBP.upack' (chunk index -1, root 'root:/') mounted
[2023.10.10-07.14.17:634][  0]LogShaderLibrary: Display: ShaderCodeLibraryPakFileMountedCallback: pending pak file info (ChunkID:-1 Root:root:/ File:C:/Program Files/Epic Games/UE_4.27/FeaturePacks/TP_VehicleAdvBP.upack)
[2023.10.10-07.14.17:634][  0]LogPakFile: OnPakFileMounted2Time == 0.000027
[2023.10.10-07.14.17:634][  0]LogPakFile: PakFile PrimaryIndexSize=185
[2023.10.10-07.14.17:634][  0]LogPakFile: PakFile PathHashIndexSize=101
[2023.10.10-07.14.17:634][  0]LogPakFile: PakFile FullDirectoryIndexSize=144
[2023.10.10-07.14.17:634][  0]LogShaderLibrary: Display: ShaderCodeLibraryPakFileMountedCallback: PakFile 'C:/Program Files/Epic Games/UE_4.27/FeaturePacks/TP_VehicleBP.upack' (chunk index -1, root 'root:/') mounted
[2023.10.10-07.14.17:634][  0]LogShaderLibrary: Display: ShaderCodeLibraryPakFileMountedCallback: pending pak file info (ChunkID:-1 Root:root:/ File:C:/Program Files/Epic Games/UE_4.27/FeaturePacks/TP_VehicleBP.upack)
[2023.10.10-07.14.17:634][  0]LogPakFile: OnPakFileMounted2Time == 0.000025
[2023.10.10-07.14.17:634][  0]LogPakFile: PakFile PrimaryIndexSize=192
[2023.10.10-07.14.17:634][  0]LogPakFile: PakFile PathHashIndexSize=101
[2023.10.10-07.14.17:634][  0]LogPakFile: PakFile FullDirectoryIndexSize=158
[2023.10.10-07.14.17:634][  0]LogShaderLibrary: Display: ShaderCodeLibraryPakFileMountedCallback: PakFile 'C:/Program Files/Epic Games/UE_4.27/FeaturePacks/TP_VirtualRealityBP.upack' (chunk index -1, root 'root:/') mounted
[2023.10.10-07.14.17:634][  0]LogShaderLibrary: Display: ShaderCodeLibraryPakFileMountedCallback: pending pak file info (ChunkID:-1 Root:root:/ File:C:/Program Files/Epic Games/UE_4.27/FeaturePacks/TP_VirtualRealityBP.upack)
[2023.10.10-07.14.17:634][  0]LogPakFile: OnPakFileMounted2Time == 0.000024
[2023.10.10-07.14.17:666][  0]LogNativeClassHierarchy: Verbose: Native class hierarchy updated for 'AddContentDialog' in 0.0002 seconds. Added 0 classes and 0 folders.
[2023.10.10-07.14.17:667][  0]LogNativeClassHierarchy: Verbose: Native class hierarchy updated for 'SceneOutliner' in 0.0002 seconds. Added 2 classes and 0 folders.
[2023.10.10-07.14.17:700][  0]LogSlate: Took 0.000091 seconds to synchronously load lazily loaded font '../../../Engine/Content/Slate/Fonts/Roboto-Regular.ttf' (155K)
[2023.10.10-07.14.17:701][  0]LogSlate: Took 0.000066 seconds to synchronously load lazily loaded font '../../../Engine/Content/Editor/Slate/Fonts/FontAwesome.ttf' (139K)
[2023.10.10-07.14.17:701][  0]LogSlate: Took 0.000063 seconds to synchronously load lazily loaded font '../../../Engine/Content/Slate/Fonts/Roboto-Bold.ttf' (160K)
[2023.10.10-07.14.17:764][  0]LogRenderer: Reallocating scene render targets to support 1208x572 Format 10 NumSamples 1 (Frame:1).
[2023.10.10-07.14.17:871][  0]LogNativeClassHierarchy: Verbose: Native class hierarchy updated for 'HierarchicalLODOutliner' in 0.0002 seconds. Added 0 classes and 0 folders.
[2023.10.10-07.14.17:871][  0]LogInput: Warning: Action Jump uses invalid key OculusGo_Left_Trigger_Click.
[2023.10.10-07.14.17:871][  0]LogInput: Warning: Action ResetVR uses invalid key OculusGo_Left_Trackpad_Click.
[2023.10.10-07.14.17:871][  0]LogInput: Warning: Use -RemoveInvalidKeys to remove instances of these keys from the action mapping.
[2023.10.10-07.14.17:871][  0]LogLoad: (Engine Initialization) Total time: 5.14 seconds
[2023.10.10-07.14.17:871][  0]LogLoad: (Engine Initialization) Total Blueprint compile time: 0.00 seconds
[2023.10.10-07.14.17:903][  0]LogAssetRegistry: Asset discovery search completed in 2.9374 seconds
[2023.10.10-07.14.17:907][  0]LogCollectionManager: Fixed up redirectors for 0 collections in 0.000002 seconds (updated 0 objects)
[2023.10.10-07.14.17:907][  0]LogContentStreaming: Texture pool size now 1000 MB
[2023.10.10-07.14.18:001][  3]LogSlate: Took 0.000164 seconds to synchronously load lazily loaded font '../../../Engine/Content/Slate/Fonts/Roboto-Light.ttf' (167K)
[2023.10.10-07.16.28:304][ 21]LogSlate: Window 'New Level' being destroyed
[2023.10.10-07.16.28:307][ 21]Cmd: MAP LOAD FILE="../../../Engine/Content/Maps/Templates/Template_Default.umap" TEMPLATE=1 SHOWPROGRESS=1 FEATURELEVEL=3
[2023.10.10-07.16.28:311][ 21]LogSlate: Took 0.000084 seconds to synchronously load lazily loaded font '../../../Engine/Content/Slate/Fonts/Roboto-Light.ttf' (167K)
[2023.10.10-07.16.28:321][ 21]LightingResults: New page: Lighting Build
[2023.10.10-07.16.28:321][ 21]LoadErrors: New page: Loading map: Template_Default.umap
[2023.10.10-07.16.28:322][ 21]LogWorld: UWorld::CleanupWorld for ThirdPersonExampleMap, bSessionEnded=true, bCleanupResources=true
[2023.10.10-07.16.28:322][ 21]LogSlate: InvalidateAllWidgets triggered.  All widgets were invalidated
[2023.10.10-07.16.28:322][ 21]MapCheck: New page: Map Check
[2023.10.10-07.16.28:322][ 21]LightingResults: New page: Lighting Build
[2023.10.10-07.16.28:326][ 21]LogAudio: Display: Audio Device unregistered from world 'None'.
[2023.10.10-07.16.28:332][ 21]LogUObjectHash: Compacting FUObjectHashTables data took   0.72ms
[2023.10.10-07.16.28:339][ 21]LogTexture: Display: Building textures: DeprecatedTextureEB9CBE3C423008B5E8E130901E171C89 (BGRA8, 128X128)
[2023.10.10-07.16.28:343][ 21]LogAudio: Display: Audio Device (ID: 1) registered with world 'Untitled_1'.
[2023.10.10-07.16.28:343][ 21]LogAIModule: Creating AISystem for world Untitled_1
[2023.10.10-07.16.28:345][ 21]LogEditorServer: Finished looking for orphan Actors (0.000 secs)
[2023.10.10-07.16.28:350][ 21]LogUObjectHash: Compacting FUObjectHashTables data took   0.53ms
[2023.10.10-07.16.28:355][ 21]Cmd: MAP CHECKDEP NOCLEARLOG
[2023.10.10-07.16.28:355][ 21]MapCheck: Map check complete: 0 Error(s), 0 Warning(s), took 0.097ms to complete.
[2023.10.10-07.16.28:355][ 21]LogFileHelpers: Loading map 'Template_Default' took 0.048
[2023.10.10-07.16.39:372][332]LogSlate: Window 'Save Level As' being destroyed
[2023.10.10-07.16.39:391][332]Cmd: OBJ SAVEPACKAGE PACKAGE="/Game/Maps/Map01" FILE="../../../../../../Users/LAB308_17/Desktop/DragonDefender_V1/DragonDefender_V1/Content/Maps/Map01.umap" SILENT=true AUTOSAVING=false KEEPDIRTY=false
[2023.10.10-07.16.39:396][332]LogUObjectHash: Compacting FUObjectHashTables data took   0.47ms
[2023.10.10-07.16.39:402][332]LogSavePackage: Moving '../../../../../../Users/LAB308_17/Desktop/DragonDefender_V1/DragonDefender_V1/Saved/Map015103F025410371D08E91EAB0D8D23040.tmp' to '../../../../../../Users/LAB308_17/Desktop/DragonDefender_V1/DragonDefender_V1/Content/Maps/Map01.umap'
[2023.10.10-07.16.39:406][332]Cmd: OBJ SAVEPACKAGE PACKAGE="/Game/Maps/Map01_BuiltData" FILE="../../../../../../Users/LAB308_17/Desktop/DragonDefender_V1/DragonDefender_V1/Content/Maps/Map01_BuiltData.uasset" SILENT=true
[2023.10.10-07.16.39:416][332]LogSavePackage: Moving '../../../../../../Users/LAB308_17/Desktop/DragonDefender_V1/DragonDefender_V1/Saved/Map01_BuiltDataC52B63B64F8103C95B2C51A92FD0CFC4.tmp' to '../../../../../../Users/LAB308_17/Desktop/DragonDefender_V1/DragonDefender_V1/Content/Maps/Map01_BuiltData.uasset'
[2023.10.10-07.16.39:425][332]LogFileHelpers: Saving map 'Map01' took 0.046
[2023.10.10-07.16.39:428][332]AssetCheck: New page: Asset Save: multiple assets
[2023.10.10-07.16.39:428][332]LogContentValidation: Display: Validating World /Game/Maps/Map01.Map01
[2023.10.10-07.16.39:428][332]LogContentValidation: Display: Validating MapBuildDataRegistry /Game/Maps/Map01_BuiltData.Map01_BuiltData
[2023.10.10-07.17.02:233][256]LogUObjectHash: Compacting FUObjectHashTables data took   0.50ms
[2023.10.10-07.17.02:255][256]LogAssetEditorSubsystem: Opening Asset editor for World /Game/Maps/Map01.Map01
[2023.10.10-07.17.02:256][256]Cmd: MAP LOAD FILE="../../../../../../Users/LAB308_17/Desktop/DragonDefender_V1/DragonDefender_V1/Content/Maps/Map01.umap" TEMPLATE=0 SHOWPROGRESS=1 FEATURELEVEL=3
[2023.10.10-07.17.02:256][256]LightingResults: New page: Lighting Build
[2023.10.10-07.17.02:256][256]LoadErrors: New page: Loading map: Map01.umap
[2023.10.10-07.17.02:256][256]LogWorld: UWorld::CleanupWorld for Map01, bSessionEnded=true, bCleanupResources=true
[2023.10.10-07.17.02:256][256]LogSlate: InvalidateAllWidgets triggered.  All widgets were invalidated
[2023.10.10-07.17.02:257][256]MapCheck: New page: Map Check
[2023.10.10-07.17.02:257][256]LightingResults: New page: Lighting Build
[2023.10.10-07.17.02:260][256]LogAudio: Display: Audio Device unregistered from world 'None'.
[2023.10.10-07.17.02:284][256]LogUObjectHash: Compacting FUObjectHashTables data took   0.53ms
[2023.10.10-07.17.02:288][256]LogAudio: Display: Audio Device (ID: 1) registered with world 'Map01'.
[2023.10.10-07.17.02:288][256]LogAIModule: Creating AISystem for world Map01
[2023.10.10-07.17.02:291][256]LogEditorServer: Finished looking for orphan Actors (0.000 secs)
[2023.10.10-07.17.02:296][256]LogUObjectHash: Compacting FUObjectHashTables data took   0.56ms
[2023.10.10-07.17.02:298][256]Cmd: MAP CHECKDEP NOCLEARLOG
[2023.10.10-07.17.02:298][256]MapCheck: Map check complete: 0 Error(s), 0 Warning(s), took 0.057ms to complete.
[2023.10.10-07.17.02:298][256]LogFileHelpers: Loading map 'Map01' took 0.042
[2023.10.10-07.17.04:247][462]LogUObjectHash: Compacting FUObjectHashTables data took   0.21ms
